[0.079s] DEBUG:colcon:Command line arguments: ['/usr/bin/colcon', 'build']
[0.079s] DEBUG:colcon:Parsed command line arguments: Namespace(log_base=None, log_level=None, verb_name='build', build_base='build', install_base='install', merge_install=False, symlink_install=False, test_result_base=None, continue_on_error=False, executor='parallel', parallel_workers=4, event_handlers=None, ignore_user_meta=False, metas=['./colcon.meta'], base_paths=['.'], packages_ignore=None, packages_ignore_regex=None, paths=None, packages_up_to=None, packages_up_to_regex=None, packages_above=None, packages_above_and_dependencies=None, packages_above_depth=None, packages_select_by_dep=None, packages_skip_by_dep=None, packages_skip_up_to=None, packages_select_build_failed=False, packages_skip_build_finished=False, packages_select_test_failures=False, packages_skip_test_passed=False, packages_select=None, packages_skip=None, packages_select_regex=None, packages_skip_regex=None, packages_start=None, packages_end=None, allow_overriding=[], cmake_args=None, cmake_target=None, cmake_target_skip_unavailable=False, cmake_clean_cache=False, cmake_clean_first=False, cmake_force_configure=False, ament_cmake_args=None, catkin_cmake_args=None, catkin_skip_building_tests=False, mixin_files=None, mixin=None, verb_parser=<colcon_mixin.mixin.mixin_argument.MixinArgumentDecorator object at 0x7c4e0773ed80>, verb_extension=<colcon_core.verb.build.BuildVerb object at 0x7c4e076e0bf0>, main=<bound method BuildVerb.main of <colcon_core.verb.build.BuildVerb object at 0x7c4e076e0bf0>>, mixin_verb=('build',))
[0.110s] Level 1:colcon.colcon_core.package_discovery:discover_packages(colcon_meta) check parameters
[0.110s] Level 1:colcon.colcon_core.package_discovery:discover_packages(recursive) check parameters
[0.110s] Level 1:colcon.colcon_core.package_discovery:discover_packages(ignore) check parameters
[0.110s] Level 1:colcon.colcon_core.package_discovery:discover_packages(path) check parameters
[0.110s] Level 1:colcon.colcon_core.package_discovery:discover_packages(colcon_meta) discover
[0.110s] Level 1:colcon.colcon_core.package_discovery:discover_packages(recursive) discover
[0.110s] INFO:colcon.colcon_core.package_discovery:Crawling recursively for packages in '/home/user/ros2_ws'
[0.110s] Level 1:colcon.colcon_core.package_identification:_identify(.) by extensions ['ignore', 'ignore_ament_install']
[0.110s] Level 1:colcon.colcon_core.package_identification:_identify(.) by extension 'ignore'
[0.110s] Level 1:colcon.colcon_core.package_identification:_identify(.) by extension 'ignore_ament_install'
[0.110s] Level 1:colcon.colcon_core.package_identification:_identify(.) by extensions ['colcon_pkg']
[0.110s] Level 1:colcon.colcon_core.package_identification:_identify(.) by extension 'colcon_pkg'
[0.110s] Level 1:colcon.colcon_core.package_identification:_identify(.) by extensions ['colcon_meta']
[0.110s] Level 1:colcon.colcon_core.package_identification:_identify(.) by extension 'colcon_meta'
[0.110s] Level 1:colcon.colcon_core.package_identification:_identify(.) by extensions ['ros']
[0.111s] Level 1:colcon.colcon_core.package_identification:_identify(.) by extension 'ros'
[0.129s] Level 1:colcon.colcon_core.package_identification:_identify(.) by extensions ['cmake', 'python']
[0.129s] Level 1:colcon.colcon_core.package_identification:_identify(.) by extension 'cmake'
[0.129s] Level 1:colcon.colcon_core.package_identification:_identify(.) by extension 'python'
[0.129s] Level 1:colcon.colcon_core.package_identification:_identify(.) by extensions ['python_setup_py']
[0.129s] Level 1:colcon.colcon_core.package_identification:_identify(.) by extension 'python_setup_py'
[0.129s] Level 1:colcon.colcon_core.package_identification:_identify(build) by extensions ['ignore', 'ignore_ament_install']
[0.129s] Level 1:colcon.colcon_core.package_identification:_identify(build) by extension 'ignore'
[0.129s] Level 1:colcon.colcon_core.package_identification:_identify(build) ignored
[0.129s] Level 1:colcon.colcon_core.package_identification:_identify(install) by extensions ['ignore', 'ignore_ament_install']
[0.129s] Level 1:colcon.colcon_core.package_identification:_identify(install) by extension 'ignore'
[0.129s] Level 1:colcon.colcon_core.package_identification:_identify(install) ignored
[0.129s] Level 1:colcon.colcon_core.package_identification:_identify(log) by extensions ['ignore', 'ignore_ament_install']
[0.130s] Level 1:colcon.colcon_core.package_identification:_identify(log) by extension 'ignore'
[0.130s] Level 1:colcon.colcon_core.package_identification:_identify(log) ignored
[0.130s] Level 1:colcon.colcon_core.package_identification:_identify(src) by extensions ['ignore', 'ignore_ament_install']
[0.130s] Level 1:colcon.colcon_core.package_identification:_identify(src) by extension 'ignore'
[0.130s] Level 1:colcon.colcon_core.package_identification:_identify(src) by extension 'ignore_ament_install'
[0.130s] Level 1:colcon.colcon_core.package_identification:_identify(src) by extensions ['colcon_pkg']
[0.130s] Level 1:colcon.colcon_core.package_identification:_identify(src) by extension 'colcon_pkg'
[0.130s] Level 1:colcon.colcon_core.package_identification:_identify(src) by extensions ['colcon_meta']
[0.130s] Level 1:colcon.colcon_core.package_identification:_identify(src) by extension 'colcon_meta'
[0.130s] Level 1:colcon.colcon_core.package_identification:_identify(src) by extensions ['ros']
[0.130s] Level 1:colcon.colcon_core.package_identification:_identify(src) by extension 'ros'
[0.130s] Level 1:colcon.colcon_core.package_identification:_identify(src) by extensions ['cmake', 'python']
[0.130s] Level 1:colcon.colcon_core.package_identification:_identify(src) by extension 'cmake'
[0.130s] Level 1:colcon.colcon_core.package_identification:_identify(src) by extension 'python'
[0.130s] Level 1:colcon.colcon_core.package_identification:_identify(src) by extensions ['python_setup_py']
[0.130s] Level 1:colcon.colcon_core.package_identification:_identify(src) by extension 'python_setup_py'
[0.130s] Level 1:colcon.colcon_core.package_identification:_identify(src/motion_planner) by extensions ['ignore', 'ignore_ament_install']
[0.130s] Level 1:colcon.colcon_core.package_identification:_identify(src/motion_planner) by extension 'ignore'
[0.130s] Level 1:colcon.colcon_core.package_identification:_identify(src/motion_planner) by extension 'ignore_ament_install'
[0.130s] Level 1:colcon.colcon_core.package_identification:_identify(src/motion_planner) by extensions ['colcon_pkg']
[0.130s] Level 1:colcon.colcon_core.package_identification:_identify(src/motion_planner) by extension 'colcon_pkg'
[0.130s] Level 1:colcon.colcon_core.package_identification:_identify(src/motion_planner) by extensions ['colcon_meta']
[0.130s] Level 1:colcon.colcon_core.package_identification:_identify(src/motion_planner) by extension 'colcon_meta'
[0.130s] Level 1:colcon.colcon_core.package_identification:_identify(src/motion_planner) by extensions ['ros']
[0.130s] Level 1:colcon.colcon_core.package_identification:_identify(src/motion_planner) by extension 'ros'
[0.132s] DEBUG:colcon.colcon_core.package_identification:Package 'src/motion_planner' with type 'ros.ament_python' and name 'motion_planner'
[0.132s] Level 1:colcon.colcon_core.package_identification:_identify(src/simple_manipulator_gazebo) by extensions ['ignore', 'ignore_ament_install']
[0.132s] Level 1:colcon.colcon_core.package_identification:_identify(src/simple_manipulator_gazebo) by extension 'ignore'
[0.132s] Level 1:colcon.colcon_core.package_identification:_identify(src/simple_manipulator_gazebo) by extension 'ignore_ament_install'
[0.132s] Level 1:colcon.colcon_core.package_identification:_identify(src/simple_manipulator_gazebo) by extensions ['colcon_pkg']
[0.132s] Level 1:colcon.colcon_core.package_identification:_identify(src/simple_manipulator_gazebo) by extension 'colcon_pkg'
[0.132s] Level 1:colcon.colcon_core.package_identification:_identify(src/simple_manipulator_gazebo) by extensions ['colcon_meta']
[0.132s] Level 1:colcon.colcon_core.package_identification:_identify(src/simple_manipulator_gazebo) by extension 'colcon_meta'
[0.132s] Level 1:colcon.colcon_core.package_identification:_identify(src/simple_manipulator_gazebo) by extensions ['ros']
[0.133s] Level 1:colcon.colcon_core.package_identification:_identify(src/simple_manipulator_gazebo) by extension 'ros'
[0.133s] DEBUG:colcon.colcon_core.package_identification:Package 'src/simple_manipulator_gazebo' with type 'ros.ament_cmake' and name 'simple_manipulator_gazebo'
[0.133s] Level 1:colcon.colcon_core.package_identification:_identify(src/simple_manipulator_moveit_config) by extensions ['ignore', 'ignore_ament_install']
[0.133s] Level 1:colcon.colcon_core.package_identification:_identify(src/simple_manipulator_moveit_config) by extension 'ignore'
[0.133s] Level 1:colcon.colcon_core.package_identification:_identify(src/simple_manipulator_moveit_config) by extension 'ignore_ament_install'
[0.133s] Level 1:colcon.colcon_core.package_identification:_identify(src/simple_manipulator_moveit_config) by extensions ['colcon_pkg']
[0.133s] Level 1:colcon.colcon_core.package_identification:_identify(src/simple_manipulator_moveit_config) by extension 'colcon_pkg'
[0.133s] Level 1:colcon.colcon_core.package_identification:_identify(src/simple_manipulator_moveit_config) by extensions ['colcon_meta']
[0.133s] Level 1:colcon.colcon_core.package_identification:_identify(src/simple_manipulator_moveit_config) by extension 'colcon_meta'
[0.133s] Level 1:colcon.colcon_core.package_identification:_identify(src/simple_manipulator_moveit_config) by extensions ['ros']
[0.133s] Level 1:colcon.colcon_core.package_identification:_identify(src/simple_manipulator_moveit_config) by extension 'ros'
[0.134s] DEBUG:colcon.colcon_core.package_identification:Package 'src/simple_manipulator_moveit_config' with type 'ros.ament_cmake' and name 'simple_manipulator_moveit_config'
[0.134s] Level 1:colcon.colcon_core.package_identification:_identify(src/test) by extensions ['ignore', 'ignore_ament_install']
[0.134s] Level 1:colcon.colcon_core.package_identification:_identify(src/test) by extension 'ignore'
[0.134s] Level 1:colcon.colcon_core.package_identification:_identify(src/test) by extension 'ignore_ament_install'
[0.134s] Level 1:colcon.colcon_core.package_identification:_identify(src/test) by extensions ['colcon_pkg']
[0.134s] Level 1:colcon.colcon_core.package_identification:_identify(src/test) by extension 'colcon_pkg'
[0.134s] Level 1:colcon.colcon_core.package_identification:_identify(src/test) by extensions ['colcon_meta']
[0.134s] Level 1:colcon.colcon_core.package_identification:_identify(src/test) by extension 'colcon_meta'
[0.134s] Level 1:colcon.colcon_core.package_identification:_identify(src/test) by extensions ['ros']
[0.134s] Level 1:colcon.colcon_core.package_identification:_identify(src/test) by extension 'ros'
[0.135s] DEBUG:colcon.colcon_core.package_identification:Package 'src/test' with type 'ros.ament_cmake' and name 'test'
[0.135s] Level 1:colcon.colcon_core.package_discovery:discover_packages(recursive) using defaults
[0.135s] Level 1:colcon.colcon_core.package_discovery:discover_packages(ignore) discover
[0.135s] Level 1:colcon.colcon_core.package_discovery:discover_packages(ignore) using defaults
[0.135s] Level 1:colcon.colcon_core.package_discovery:discover_packages(path) discover
[0.135s] Level 1:colcon.colcon_core.package_discovery:discover_packages(path) using defaults
[0.146s] Level 1:colcon.colcon_core.package_discovery:discover_packages(prefix_path) check parameters
[0.146s] Level 1:colcon.colcon_core.package_discovery:discover_packages(prefix_path) discover
[0.148s] DEBUG:colcon.colcon_installed_package_information.package_discovery:Found 4 installed packages in /home/user/ros2_ws/install
[0.149s] DEBUG:colcon.colcon_installed_package_information.package_discovery:Found 511 installed packages in /opt/ros/jazzy
[0.150s] Level 1:colcon.colcon_core.package_discovery:discover_packages(prefix_path) using defaults
[0.183s] Level 5:colcon.colcon_core.verb:set package 'motion_planner' build argument 'cmake_args' from command line to 'None'
[0.183s] Level 5:colcon.colcon_core.verb:set package 'motion_planner' build argument 'cmake_target' from command line to 'None'
[0.183s] Level 5:colcon.colcon_core.verb:set package 'motion_planner' build argument 'cmake_target_skip_unavailable' from command line to 'False'
[0.183s] Level 5:colcon.colcon_core.verb:set package 'motion_planner' build argument 'cmake_clean_cache' from command line to 'False'
[0.183s] Level 5:colcon.colcon_core.verb:set package 'motion_planner' build argument 'cmake_clean_first' from command line to 'False'
[0.183s] Level 5:colcon.colcon_core.verb:set package 'motion_planner' build argument 'cmake_force_configure' from command line to 'False'
[0.183s] Level 5:colcon.colcon_core.verb:set package 'motion_planner' build argument 'ament_cmake_args' from command line to 'None'
[0.183s] Level 5:colcon.colcon_core.verb:set package 'motion_planner' build argument 'catkin_cmake_args' from command line to 'None'
[0.183s] Level 5:colcon.colcon_core.verb:set package 'motion_planner' build argument 'catkin_skip_building_tests' from command line to 'False'
[0.183s] DEBUG:colcon.colcon_core.verb:Building package 'motion_planner' with the following arguments: {'ament_cmake_args': None, 'build_base': '/home/user/ros2_ws/build/motion_planner', 'catkin_cmake_args': None, 'catkin_skip_building_tests': False, 'cmake_args': None, 'cmake_clean_cache': False, 'cmake_clean_first': False, 'cmake_force_configure': False, 'cmake_target': None, 'cmake_target_skip_unavailable': False, 'install_base': '/home/user/ros2_ws/install/motion_planner', 'merge_install': False, 'path': '/home/user/ros2_ws/src/motion_planner', 'symlink_install': False, 'test_result_base': None}
[0.183s] Level 5:colcon.colcon_core.verb:set package 'simple_manipulator_gazebo' build argument 'cmake_args' from command line to 'None'
[0.183s] Level 5:colcon.colcon_core.verb:set package 'simple_manipulator_gazebo' build argument 'cmake_target' from command line to 'None'
[0.183s] Level 5:colcon.colcon_core.verb:set package 'simple_manipulator_gazebo' build argument 'cmake_target_skip_unavailable' from command line to 'False'
[0.183s] Level 5:colcon.colcon_core.verb:set package 'simple_manipulator_gazebo' build argument 'cmake_clean_cache' from command line to 'False'
[0.183s] Level 5:colcon.colcon_core.verb:set package 'simple_manipulator_gazebo' build argument 'cmake_clean_first' from command line to 'False'
[0.183s] Level 5:colcon.colcon_core.verb:set package 'simple_manipulator_gazebo' build argument 'cmake_force_configure' from command line to 'False'
[0.183s] Level 5:colcon.colcon_core.verb:set package 'simple_manipulator_gazebo' build argument 'ament_cmake_args' from command line to 'None'
[0.184s] Level 5:colcon.colcon_core.verb:set package 'simple_manipulator_gazebo' build argument 'catkin_cmake_args' from command line to 'None'
[0.184s] Level 5:colcon.colcon_core.verb:set package 'simple_manipulator_gazebo' build argument 'catkin_skip_building_tests' from command line to 'False'
[0.184s] DEBUG:colcon.colcon_core.verb:Building package 'simple_manipulator_gazebo' with the following arguments: {'ament_cmake_args': None, 'build_base': '/home/user/ros2_ws/build/simple_manipulator_gazebo', 'catkin_cmake_args': None, 'catkin_skip_building_tests': False, 'cmake_args': None, 'cmake_clean_cache': False, 'cmake_clean_first': False, 'cmake_force_configure': False, 'cmake_target': None, 'cmake_target_skip_unavailable': False, 'install_base': '/home/user/ros2_ws/install/simple_manipulator_gazebo', 'merge_install': False, 'path': '/home/user/ros2_ws/src/simple_manipulator_gazebo', 'symlink_install': False, 'test_result_base': None}
[0.184s] Level 5:colcon.colcon_core.verb:set package 'test' build argument 'cmake_args' from command line to 'None'
[0.184s] Level 5:colcon.colcon_core.verb:set package 'test' build argument 'cmake_target' from command line to 'None'
[0.184s] Level 5:colcon.colcon_core.verb:set package 'test' build argument 'cmake_target_skip_unavailable' from command line to 'False'
[0.184s] Level 5:colcon.colcon_core.verb:set package 'test' build argument 'cmake_clean_cache' from command line to 'False'
[0.184s] Level 5:colcon.colcon_core.verb:set package 'test' build argument 'cmake_clean_first' from command line to 'False'
[0.184s] Level 5:colcon.colcon_core.verb:set package 'test' build argument 'cmake_force_configure' from command line to 'False'
[0.184s] Level 5:colcon.colcon_core.verb:set package 'test' build argument 'ament_cmake_args' from command line to 'None'
[0.184s] Level 5:colcon.colcon_core.verb:set package 'test' build argument 'catkin_cmake_args' from command line to 'None'
[0.184s] Level 5:colcon.colcon_core.verb:set package 'test' build argument 'catkin_skip_building_tests' from command line to 'False'
[0.184s] DEBUG:colcon.colcon_core.verb:Building package 'test' with the following arguments: {'ament_cmake_args': None, 'build_base': '/home/user/ros2_ws/build/test', 'catkin_cmake_args': None, 'catkin_skip_building_tests': False, 'cmake_args': None, 'cmake_clean_cache': False, 'cmake_clean_first': False, 'cmake_force_configure': False, 'cmake_target': None, 'cmake_target_skip_unavailable': False, 'install_base': '/home/user/ros2_ws/install/test', 'merge_install': False, 'path': '/home/user/ros2_ws/src/test', 'symlink_install': False, 'test_result_base': None}
[0.184s] Level 5:colcon.colcon_core.verb:set package 'simple_manipulator_moveit_config' build argument 'cmake_args' from command line to 'None'
[0.184s] Level 5:colcon.colcon_core.verb:set package 'simple_manipulator_moveit_config' build argument 'cmake_target' from command line to 'None'
[0.184s] Level 5:colcon.colcon_core.verb:set package 'simple_manipulator_moveit_config' build argument 'cmake_target_skip_unavailable' from command line to 'False'
[0.184s] Level 5:colcon.colcon_core.verb:set package 'simple_manipulator_moveit_config' build argument 'cmake_clean_cache' from command line to 'False'
[0.184s] Level 5:colcon.colcon_core.verb:set package 'simple_manipulator_moveit_config' build argument 'cmake_clean_first' from command line to 'False'
[0.184s] Level 5:colcon.colcon_core.verb:set package 'simple_manipulator_moveit_config' build argument 'cmake_force_configure' from command line to 'False'
[0.184s] Level 5:colcon.colcon_core.verb:set package 'simple_manipulator_moveit_config' build argument 'ament_cmake_args' from command line to 'None'
[0.184s] Level 5:colcon.colcon_core.verb:set package 'simple_manipulator_moveit_config' build argument 'catkin_cmake_args' from command line to 'None'
[0.184s] Level 5:colcon.colcon_core.verb:set package 'simple_manipulator_moveit_config' build argument 'catkin_skip_building_tests' from command line to 'False'
[0.184s] DEBUG:colcon.colcon_core.verb:Building package 'simple_manipulator_moveit_config' with the following arguments: {'ament_cmake_args': None, 'build_base': '/home/user/ros2_ws/build/simple_manipulator_moveit_config', 'catkin_cmake_args': None, 'catkin_skip_building_tests': False, 'cmake_args': None, 'cmake_clean_cache': False, 'cmake_clean_first': False, 'cmake_force_configure': False, 'cmake_target': None, 'cmake_target_skip_unavailable': False, 'install_base': '/home/user/ros2_ws/install/simple_manipulator_moveit_config', 'merge_install': False, 'path': '/home/user/ros2_ws/src/simple_manipulator_moveit_config', 'symlink_install': False, 'test_result_base': None}
[0.184s] INFO:colcon.colcon_core.executor:Executing jobs using 'parallel' executor
[0.187s] DEBUG:colcon.colcon_parallel_executor.executor.parallel:run_until_complete
[0.188s] INFO:colcon.colcon_ros.task.ament_cmake.build:Building ROS package in '/home/user/ros2_ws/src/test' with build type 'ament_cmake'
[0.188s] INFO:colcon.colcon_cmake.task.cmake.build:Building CMake package in '/home/user/ros2_ws/src/test'
[0.190s] INFO:colcon.colcon_core.plugin_system:Skipping extension 'colcon_core.shell.bat': Not used on non-Windows systems
[0.190s] INFO:colcon.colcon_core.shell:Skip shell extension 'powershell' for command environment: Not usable outside of PowerShell
[0.190s] DEBUG:colcon.colcon_core.shell:Skip shell extension 'dsv' for command environment
[0.195s] INFO:colcon.colcon_ros.task.ament_python.build:Building ROS package in '/home/user/ros2_ws/src/motion_planner' with build type 'ament_python'
[0.195s] Level 1:colcon.colcon_core.shell:create_environment_hook('motion_planner', 'ament_prefix_path')
[0.195s] INFO:colcon.colcon_core.shell:Creating environment hook '/home/user/ros2_ws/install/motion_planner/share/motion_planner/hook/ament_prefix_path.ps1'
[0.200s] INFO:colcon.colcon_core.shell:Creating environment descriptor '/home/user/ros2_ws/install/motion_planner/share/motion_planner/hook/ament_prefix_path.dsv'
[0.201s] INFO:colcon.colcon_core.shell:Creating environment hook '/home/user/ros2_ws/install/motion_planner/share/motion_planner/hook/ament_prefix_path.sh'
[0.202s] INFO:colcon.colcon_core.shell:Skip shell extension 'powershell' for command environment: Not usable outside of PowerShell
[0.202s] DEBUG:colcon.colcon_core.shell:Skip shell extension 'dsv' for command environment
[0.205s] INFO:colcon.colcon_ros.task.ament_cmake.build:Building ROS package in '/home/user/ros2_ws/src/simple_manipulator_gazebo' with build type 'ament_cmake'
[0.205s] INFO:colcon.colcon_cmake.task.cmake.build:Building CMake package in '/home/user/ros2_ws/src/simple_manipulator_gazebo'
[0.205s] INFO:colcon.colcon_core.shell:Skip shell extension 'powershell' for command environment: Not usable outside of PowerShell
[0.205s] DEBUG:colcon.colcon_core.shell:Skip shell extension 'dsv' for command environment
[0.221s] DEBUG:colcon.colcon_core.event_handler.log_command:Invoking command in '/home/user/ros2_ws/build/test': CMAKE_PREFIX_PATH=${CMAKE_PREFIX_PATH}:/home/user/ros2_ws/install/motion_planner:/opt/ros/jazzy DEBUGINFOD_URLS=https://debuginfod.ubuntu.com /usr/bin/cmake --build /home/user/ros2_ws/build/test -- -j4 -l4
[0.395s] INFO:colcon.colcon_core.task.python.build:Building Python package in '/home/user/ros2_ws/src/motion_planner'
[0.395s] INFO:colcon.colcon_core.shell:Skip shell extension 'powershell' for command environment: Not usable outside of PowerShell
[0.395s] DEBUG:colcon.colcon_core.shell:Skip shell extension 'dsv' for command environment
[0.405s] DEBUG:colcon.colcon_core.event_handler.log_command:Invoking command in '/home/user/ros2_ws/build/simple_manipulator_gazebo': CMAKE_PREFIX_PATH=${CMAKE_PREFIX_PATH}:/home/user/ros2_ws/install/motion_planner:/opt/ros/jazzy DEBUGINFOD_URLS=https://debuginfod.ubuntu.com /usr/bin/cmake --build /home/user/ros2_ws/build/simple_manipulator_gazebo -- -j4 -l4
[0.406s] DEBUG:colcon.colcon_core.event_handler.log_command:Invoked command in '/home/user/ros2_ws/build/test' returned '0': CMAKE_PREFIX_PATH=${CMAKE_PREFIX_PATH}:/home/user/ros2_ws/install/motion_planner:/opt/ros/jazzy DEBUGINFOD_URLS=https://debuginfod.ubuntu.com /usr/bin/cmake --build /home/user/ros2_ws/build/test -- -j4 -l4
[0.413s] DEBUG:colcon.colcon_core.event_handler.log_command:Invoking command in '/home/user/ros2_ws/build/test': CMAKE_PREFIX_PATH=${CMAKE_PREFIX_PATH}:/home/user/ros2_ws/install/motion_planner:/opt/ros/jazzy DEBUGINFOD_URLS=https://debuginfod.ubuntu.com /usr/bin/cmake --install /home/user/ros2_ws/build/test
[0.435s] Level 1:colcon.colcon_core.environment:create_environment_scripts_only(test)
[0.436s] Level 1:colcon.colcon_core.environment:checking '/home/user/ros2_ws/install/test' for CMake module files
[0.437s] DEBUG:colcon.colcon_core.event_handler.log_command:Invoked command in '/home/user/ros2_ws/build/test' returned '0': CMAKE_PREFIX_PATH=${CMAKE_PREFIX_PATH}:/home/user/ros2_ws/install/motion_planner:/opt/ros/jazzy DEBUGINFOD_URLS=https://debuginfod.ubuntu.com /usr/bin/cmake --install /home/user/ros2_ws/build/test
[0.438s] Level 1:colcon.colcon_core.environment:checking '/home/user/ros2_ws/install/test' for CMake config files
[0.438s] Level 1:colcon.colcon_core.shell:create_environment_hook('test', 'cmake_prefix_path')
[0.438s] INFO:colcon.colcon_core.shell:Creating environment hook '/home/user/ros2_ws/install/test/share/test/hook/cmake_prefix_path.ps1'
[0.438s] INFO:colcon.colcon_core.shell:Creating environment descriptor '/home/user/ros2_ws/install/test/share/test/hook/cmake_prefix_path.dsv'
[0.439s] INFO:colcon.colcon_core.shell:Creating environment hook '/home/user/ros2_ws/install/test/share/test/hook/cmake_prefix_path.sh'
[0.440s] Level 1:colcon.colcon_core.environment:checking '/home/user/ros2_ws/install/test/bin'
[0.440s] Level 1:colcon.colcon_core.environment:checking '/home/user/ros2_ws/install/test/lib/pkgconfig/test.pc'
[0.440s] Level 1:colcon.colcon_core.environment:checking '/home/user/ros2_ws/install/test/lib/python3.12/site-packages'
[0.441s] Level 1:colcon.colcon_core.environment:checking '/home/user/ros2_ws/install/test/bin'
[0.441s] INFO:colcon.colcon_core.shell:Creating package script '/home/user/ros2_ws/install/test/share/test/package.ps1'
[0.442s] INFO:colcon.colcon_core.shell:Creating package descriptor '/home/user/ros2_ws/install/test/share/test/package.dsv'
[0.442s] INFO:colcon.colcon_core.shell:Creating package script '/home/user/ros2_ws/install/test/share/test/package.sh'
[0.443s] INFO:colcon.colcon_core.shell:Creating package script '/home/user/ros2_ws/install/test/share/test/package.bash'
[0.443s] INFO:colcon.colcon_core.shell:Creating package script '/home/user/ros2_ws/install/test/share/test/package.zsh'
[0.444s] Level 1:colcon.colcon_core.environment:create_file_with_runtime_dependencies(/home/user/ros2_ws/install/test/share/colcon-core/packages/test)
[0.445s] Level 1:colcon.colcon_core.environment:create_environment_scripts_only(test)
[0.445s] Level 1:colcon.colcon_core.environment:checking '/home/user/ros2_ws/install/test' for CMake module files
[0.445s] Level 1:colcon.colcon_core.environment:checking '/home/user/ros2_ws/install/test' for CMake config files
[0.446s] Level 1:colcon.colcon_core.shell:create_environment_hook('test', 'cmake_prefix_path')
[0.446s] INFO:colcon.colcon_core.shell:Creating environment hook '/home/user/ros2_ws/install/test/share/test/hook/cmake_prefix_path.ps1'
[0.446s] INFO:colcon.colcon_core.shell:Creating environment descriptor '/home/user/ros2_ws/install/test/share/test/hook/cmake_prefix_path.dsv'
[0.447s] INFO:colcon.colcon_core.shell:Creating environment hook '/home/user/ros2_ws/install/test/share/test/hook/cmake_prefix_path.sh'
[0.448s] Level 1:colcon.colcon_core.environment:checking '/home/user/ros2_ws/install/test/bin'
[0.448s] Level 1:colcon.colcon_core.environment:checking '/home/user/ros2_ws/install/test/lib/pkgconfig/test.pc'
[0.448s] Level 1:colcon.colcon_core.environment:checking '/home/user/ros2_ws/install/test/lib/python3.12/site-packages'
[0.448s] Level 1:colcon.colcon_core.environment:checking '/home/user/ros2_ws/install/test/bin'
[0.449s] INFO:colcon.colcon_core.shell:Creating package script '/home/user/ros2_ws/install/test/share/test/package.ps1'
[0.450s] INFO:colcon.colcon_core.shell:Creating package descriptor '/home/user/ros2_ws/install/test/share/test/package.dsv'
[0.450s] INFO:colcon.colcon_core.shell:Creating package script '/home/user/ros2_ws/install/test/share/test/package.sh'
[0.451s] INFO:colcon.colcon_core.shell:Creating package script '/home/user/ros2_ws/install/test/share/test/package.bash'
[0.451s] INFO:colcon.colcon_core.shell:Creating package script '/home/user/ros2_ws/install/test/share/test/package.zsh'
[0.452s] Level 1:colcon.colcon_core.environment:create_file_with_runtime_dependencies(/home/user/ros2_ws/install/test/share/colcon-core/packages/test)
[0.452s] INFO:colcon.colcon_ros.task.ament_cmake.build:Building ROS package in '/home/user/ros2_ws/src/simple_manipulator_moveit_config' with build type 'ament_cmake'
[0.453s] INFO:colcon.colcon_cmake.task.cmake.build:Building CMake package in '/home/user/ros2_ws/src/simple_manipulator_moveit_config'
[0.453s] INFO:colcon.colcon_core.shell:Skip shell extension 'powershell' for command environment: Not usable outside of PowerShell
[0.453s] DEBUG:colcon.colcon_core.shell:Skip shell extension 'dsv' for command environment
[0.461s] DEBUG:colcon.colcon_core.event_handler.log_command:Invoked command in '/home/user/ros2_ws/build/simple_manipulator_gazebo' returned '0': CMAKE_PREFIX_PATH=${CMAKE_PREFIX_PATH}:/home/user/ros2_ws/install/motion_planner:/opt/ros/jazzy DEBUGINFOD_URLS=https://debuginfod.ubuntu.com /usr/bin/cmake --build /home/user/ros2_ws/build/simple_manipulator_gazebo -- -j4 -l4
[0.461s] DEBUG:colcon.colcon_core.event_handler.log_command:Invoking command in '/home/user/ros2_ws/build/simple_manipulator_gazebo': CMAKE_PREFIX_PATH=${CMAKE_PREFIX_PATH}:/home/user/ros2_ws/install/motion_planner:/opt/ros/jazzy DEBUGINFOD_URLS=https://debuginfod.ubuntu.com /usr/bin/cmake --install /home/user/ros2_ws/build/simple_manipulator_gazebo
[0.465s] DEBUG:colcon.colcon_core.event_handler.log_command:Invoking command in '/home/user/ros2_ws/build/simple_manipulator_moveit_config': CMAKE_PREFIX_PATH=/home/user/ros2_ws/install/test:/home/user/ros2_ws/install/simple_manipulator_gazebo:/home/user/ros2_ws/install/simple_manipulator_moveit_config:/opt/ros/jazzy/opt/gz_sim_vendor:/opt/ros/jazzy/opt/gz_sensors_vendor:/opt/ros/jazzy/opt/gz_physics_vendor:/opt/ros/jazzy/opt/sdformat_vendor:/opt/ros/jazzy/opt/gz_gui_vendor:/opt/ros/jazzy/opt/gz_transport_vendor:/opt/ros/jazzy/opt/gz_rendering_vendor:/opt/ros/jazzy/opt/gz_plugin_vendor:/opt/ros/jazzy/opt/gz_fuel_tools_vendor:/opt/ros/jazzy/opt/gz_msgs_vendor:/opt/ros/jazzy/opt/gz_common_vendor:/opt/ros/jazzy/opt/gz_math_vendor:/opt/ros/jazzy/opt/gz_utils_vendor:/opt/ros/jazzy/opt/gz_tools_vendor:/opt/ros/jazzy/opt/gz_ogre_next_vendor:/opt/ros/jazzy/opt/gz_dartsim_vendor:/opt/ros/jazzy/opt/gz_cmake_vendor:/home/user/ros2_ws/install/motion_planner:/opt/ros/jazzy DEBUGINFOD_URLS=https://debuginfod.ubuntu.com /usr/bin/cmake --build /home/user/ros2_ws/build/simple_manipulator_moveit_config -- -j4 -l4
[0.473s] Level 1:colcon.colcon_core.environment:create_environment_scripts_only(simple_manipulator_gazebo)
[0.473s] Level 1:colcon.colcon_core.environment:checking '/home/user/ros2_ws/install/simple_manipulator_gazebo' for CMake module files
[0.475s] Level 1:colcon.colcon_core.environment:checking '/home/user/ros2_ws/install/simple_manipulator_gazebo' for CMake config files
[0.475s] Level 1:colcon.colcon_core.shell:create_environment_hook('simple_manipulator_gazebo', 'cmake_prefix_path')
[0.475s] INFO:colcon.colcon_core.shell:Creating environment hook '/home/user/ros2_ws/install/simple_manipulator_gazebo/share/simple_manipulator_gazebo/hook/cmake_prefix_path.ps1'
[0.474s] DEBUG:colcon.colcon_core.event_handler.log_command:Invoked command in '/home/user/ros2_ws/build/simple_manipulator_gazebo' returned '0': CMAKE_PREFIX_PATH=${CMAKE_PREFIX_PATH}:/home/user/ros2_ws/install/motion_planner:/opt/ros/jazzy DEBUGINFOD_URLS=https://debuginfod.ubuntu.com /usr/bin/cmake --install /home/user/ros2_ws/build/simple_manipulator_gazebo
[0.482s] INFO:colcon.colcon_core.shell:Creating environment descriptor '/home/user/ros2_ws/install/simple_manipulator_gazebo/share/simple_manipulator_gazebo/hook/cmake_prefix_path.dsv'
[0.482s] INFO:colcon.colcon_core.shell:Creating environment hook '/home/user/ros2_ws/install/simple_manipulator_gazebo/share/simple_manipulator_gazebo/hook/cmake_prefix_path.sh'
[0.483s] Level 1:colcon.colcon_core.environment:checking '/home/user/ros2_ws/install/simple_manipulator_gazebo/bin'
[0.483s] Level 1:colcon.colcon_core.environment:checking '/home/user/ros2_ws/install/simple_manipulator_gazebo/lib/pkgconfig/simple_manipulator_gazebo.pc'
[0.484s] Level 1:colcon.colcon_core.environment:checking '/home/user/ros2_ws/install/simple_manipulator_gazebo/lib/python3.12/site-packages'
[0.484s] Level 1:colcon.colcon_core.environment:checking '/home/user/ros2_ws/install/simple_manipulator_gazebo/bin'
[0.485s] INFO:colcon.colcon_core.shell:Creating package script '/home/user/ros2_ws/install/simple_manipulator_gazebo/share/simple_manipulator_gazebo/package.ps1'
[0.485s] INFO:colcon.colcon_core.shell:Creating package descriptor '/home/user/ros2_ws/install/simple_manipulator_gazebo/share/simple_manipulator_gazebo/package.dsv'
[0.486s] INFO:colcon.colcon_core.shell:Creating package script '/home/user/ros2_ws/install/simple_manipulator_gazebo/share/simple_manipulator_gazebo/package.sh'
[0.487s] INFO:colcon.colcon_core.shell:Creating package script '/home/user/ros2_ws/install/simple_manipulator_gazebo/share/simple_manipulator_gazebo/package.bash'
[0.488s] INFO:colcon.colcon_core.shell:Creating package script '/home/user/ros2_ws/install/simple_manipulator_gazebo/share/simple_manipulator_gazebo/package.zsh'
[0.488s] Level 1:colcon.colcon_core.environment:create_file_with_runtime_dependencies(/home/user/ros2_ws/install/simple_manipulator_gazebo/share/colcon-core/packages/simple_manipulator_gazebo)
[0.488s] Level 1:colcon.colcon_core.environment:create_environment_scripts_only(simple_manipulator_gazebo)
[0.489s] Level 1:colcon.colcon_core.environment:checking '/home/user/ros2_ws/install/simple_manipulator_gazebo' for CMake module files
[0.489s] Level 1:colcon.colcon_core.environment:checking '/home/user/ros2_ws/install/simple_manipulator_gazebo' for CMake config files
[0.489s] Level 1:colcon.colcon_core.shell:create_environment_hook('simple_manipulator_gazebo', 'cmake_prefix_path')
[0.489s] INFO:colcon.colcon_core.shell:Creating environment hook '/home/user/ros2_ws/install/simple_manipulator_gazebo/share/simple_manipulator_gazebo/hook/cmake_prefix_path.ps1'
[0.489s] INFO:colcon.colcon_core.shell:Creating environment descriptor '/home/user/ros2_ws/install/simple_manipulator_gazebo/share/simple_manipulator_gazebo/hook/cmake_prefix_path.dsv'
[0.490s] INFO:colcon.colcon_core.shell:Creating environment hook '/home/user/ros2_ws/install/simple_manipulator_gazebo/share/simple_manipulator_gazebo/hook/cmake_prefix_path.sh'
[0.491s] Level 1:colcon.colcon_core.environment:checking '/home/user/ros2_ws/install/simple_manipulator_gazebo/bin'
[0.491s] Level 1:colcon.colcon_core.environment:checking '/home/user/ros2_ws/install/simple_manipulator_gazebo/lib/pkgconfig/simple_manipulator_gazebo.pc'
[0.491s] Level 1:colcon.colcon_core.environment:checking '/home/user/ros2_ws/install/simple_manipulator_gazebo/lib/python3.12/site-packages'
[0.491s] Level 1:colcon.colcon_core.environment:checking '/home/user/ros2_ws/install/simple_manipulator_gazebo/bin'
[0.492s] INFO:colcon.colcon_core.shell:Creating package script '/home/user/ros2_ws/install/simple_manipulator_gazebo/share/simple_manipulator_gazebo/package.ps1'
[0.492s] INFO:colcon.colcon_core.shell:Creating package descriptor '/home/user/ros2_ws/install/simple_manipulator_gazebo/share/simple_manipulator_gazebo/package.dsv'
[0.493s] INFO:colcon.colcon_core.shell:Creating package script '/home/user/ros2_ws/install/simple_manipulator_gazebo/share/simple_manipulator_gazebo/package.sh'
[0.493s] INFO:colcon.colcon_core.shell:Creating package script '/home/user/ros2_ws/install/simple_manipulator_gazebo/share/simple_manipulator_gazebo/package.bash'
[0.494s] INFO:colcon.colcon_core.shell:Creating package script '/home/user/ros2_ws/install/simple_manipulator_gazebo/share/simple_manipulator_gazebo/package.zsh'
[0.494s] Level 1:colcon.colcon_core.environment:create_file_with_runtime_dependencies(/home/user/ros2_ws/install/simple_manipulator_gazebo/share/colcon-core/packages/simple_manipulator_gazebo)
[0.516s] DEBUG:colcon.colcon_core.event_handler.log_command:Invoked command in '/home/user/ros2_ws/build/simple_manipulator_moveit_config' returned '0': CMAKE_PREFIX_PATH=/home/user/ros2_ws/install/test:/home/user/ros2_ws/install/simple_manipulator_gazebo:/home/user/ros2_ws/install/simple_manipulator_moveit_config:/opt/ros/jazzy/opt/gz_sim_vendor:/opt/ros/jazzy/opt/gz_sensors_vendor:/opt/ros/jazzy/opt/gz_physics_vendor:/opt/ros/jazzy/opt/sdformat_vendor:/opt/ros/jazzy/opt/gz_gui_vendor:/opt/ros/jazzy/opt/gz_transport_vendor:/opt/ros/jazzy/opt/gz_rendering_vendor:/opt/ros/jazzy/opt/gz_plugin_vendor:/opt/ros/jazzy/opt/gz_fuel_tools_vendor:/opt/ros/jazzy/opt/gz_msgs_vendor:/opt/ros/jazzy/opt/gz_common_vendor:/opt/ros/jazzy/opt/gz_math_vendor:/opt/ros/jazzy/opt/gz_utils_vendor:/opt/ros/jazzy/opt/gz_tools_vendor:/opt/ros/jazzy/opt/gz_ogre_next_vendor:/opt/ros/jazzy/opt/gz_dartsim_vendor:/opt/ros/jazzy/opt/gz_cmake_vendor:/home/user/ros2_ws/install/motion_planner:/opt/ros/jazzy DEBUGINFOD_URLS=https://debuginfod.ubuntu.com /usr/bin/cmake --build /home/user/ros2_ws/build/simple_manipulator_moveit_config -- -j4 -l4
[0.516s] DEBUG:colcon.colcon_core.event_handler.log_command:Invoking command in '/home/user/ros2_ws/build/simple_manipulator_moveit_config': CMAKE_PREFIX_PATH=/home/user/ros2_ws/install/test:/home/user/ros2_ws/install/simple_manipulator_gazebo:/home/user/ros2_ws/install/simple_manipulator_moveit_config:/opt/ros/jazzy/opt/gz_sim_vendor:/opt/ros/jazzy/opt/gz_sensors_vendor:/opt/ros/jazzy/opt/gz_physics_vendor:/opt/ros/jazzy/opt/sdformat_vendor:/opt/ros/jazzy/opt/gz_gui_vendor:/opt/ros/jazzy/opt/gz_transport_vendor:/opt/ros/jazzy/opt/gz_rendering_vendor:/opt/ros/jazzy/opt/gz_plugin_vendor:/opt/ros/jazzy/opt/gz_fuel_tools_vendor:/opt/ros/jazzy/opt/gz_msgs_vendor:/opt/ros/jazzy/opt/gz_common_vendor:/opt/ros/jazzy/opt/gz_math_vendor:/opt/ros/jazzy/opt/gz_utils_vendor:/opt/ros/jazzy/opt/gz_tools_vendor:/opt/ros/jazzy/opt/gz_ogre_next_vendor:/opt/ros/jazzy/opt/gz_dartsim_vendor:/opt/ros/jazzy/opt/gz_cmake_vendor:/home/user/ros2_ws/install/motion_planner:/opt/ros/jazzy DEBUGINFOD_URLS=https://debuginfod.ubuntu.com /usr/bin/cmake --install /home/user/ros2_ws/build/simple_manipulator_moveit_config
[0.529s] Level 1:colcon.colcon_core.environment:create_environment_scripts_only(simple_manipulator_moveit_config)
[0.529s] Level 1:colcon.colcon_core.environment:checking '/home/user/ros2_ws/install/simple_manipulator_moveit_config' for CMake module files
[0.530s] Level 1:colcon.colcon_core.environment:checking '/home/user/ros2_ws/install/simple_manipulator_moveit_config' for CMake config files
[0.530s] Level 1:colcon.colcon_core.shell:create_environment_hook('simple_manipulator_moveit_config', 'cmake_prefix_path')
[0.530s] INFO:colcon.colcon_core.shell:Creating environment hook '/home/user/ros2_ws/install/simple_manipulator_moveit_config/share/simple_manipulator_moveit_config/hook/cmake_prefix_path.ps1'
[0.531s] INFO:colcon.colcon_core.shell:Creating environment descriptor '/home/user/ros2_ws/install/simple_manipulator_moveit_config/share/simple_manipulator_moveit_config/hook/cmake_prefix_path.dsv'
[0.531s] DEBUG:colcon.colcon_core.event_handler.log_command:Invoked command in '/home/user/ros2_ws/build/simple_manipulator_moveit_config' returned '0': CMAKE_PREFIX_PATH=/home/user/ros2_ws/install/test:/home/user/ros2_ws/install/simple_manipulator_gazebo:/home/user/ros2_ws/install/simple_manipulator_moveit_config:/opt/ros/jazzy/opt/gz_sim_vendor:/opt/ros/jazzy/opt/gz_sensors_vendor:/opt/ros/jazzy/opt/gz_physics_vendor:/opt/ros/jazzy/opt/sdformat_vendor:/opt/ros/jazzy/opt/gz_gui_vendor:/opt/ros/jazzy/opt/gz_transport_vendor:/opt/ros/jazzy/opt/gz_rendering_vendor:/opt/ros/jazzy/opt/gz_plugin_vendor:/opt/ros/jazzy/opt/gz_fuel_tools_vendor:/opt/ros/jazzy/opt/gz_msgs_vendor:/opt/ros/jazzy/opt/gz_common_vendor:/opt/ros/jazzy/opt/gz_math_vendor:/opt/ros/jazzy/opt/gz_utils_vendor:/opt/ros/jazzy/opt/gz_tools_vendor:/opt/ros/jazzy/opt/gz_ogre_next_vendor:/opt/ros/jazzy/opt/gz_dartsim_vendor:/opt/ros/jazzy/opt/gz_cmake_vendor:/home/user/ros2_ws/install/motion_planner:/opt/ros/jazzy DEBUGINFOD_URLS=https://debuginfod.ubuntu.com /usr/bin/cmake --install /home/user/ros2_ws/build/simple_manipulator_moveit_config
[0.532s] INFO:colcon.colcon_core.shell:Creating environment hook '/home/user/ros2_ws/install/simple_manipulator_moveit_config/share/simple_manipulator_moveit_config/hook/cmake_prefix_path.sh'
[0.532s] Level 1:colcon.colcon_core.environment:checking '/home/user/ros2_ws/install/simple_manipulator_moveit_config/bin'
[0.533s] Level 1:colcon.colcon_core.environment:checking '/home/user/ros2_ws/install/simple_manipulator_moveit_config/lib/pkgconfig/simple_manipulator_moveit_config.pc'
[0.533s] Level 1:colcon.colcon_core.environment:checking '/home/user/ros2_ws/install/simple_manipulator_moveit_config/lib/python3.12/site-packages'
[0.533s] Level 1:colcon.colcon_core.environment:checking '/home/user/ros2_ws/install/simple_manipulator_moveit_config/bin'
[0.533s] INFO:colcon.colcon_core.shell:Creating package script '/home/user/ros2_ws/install/simple_manipulator_moveit_config/share/simple_manipulator_moveit_config/package.ps1'
[0.535s] INFO:colcon.colcon_core.shell:Creating package descriptor '/home/user/ros2_ws/install/simple_manipulator_moveit_config/share/simple_manipulator_moveit_config/package.dsv'
[0.535s] INFO:colcon.colcon_core.shell:Creating package script '/home/user/ros2_ws/install/simple_manipulator_moveit_config/share/simple_manipulator_moveit_config/package.sh'
[0.536s] INFO:colcon.colcon_core.shell:Creating package script '/home/user/ros2_ws/install/simple_manipulator_moveit_config/share/simple_manipulator_moveit_config/package.bash'
[0.536s] INFO:colcon.colcon_core.shell:Creating package script '/home/user/ros2_ws/install/simple_manipulator_moveit_config/share/simple_manipulator_moveit_config/package.zsh'
[0.537s] Level 1:colcon.colcon_core.environment:create_file_with_runtime_dependencies(/home/user/ros2_ws/install/simple_manipulator_moveit_config/share/colcon-core/packages/simple_manipulator_moveit_config)
[0.537s] Level 1:colcon.colcon_core.environment:create_environment_scripts_only(simple_manipulator_moveit_config)
[0.538s] Level 1:colcon.colcon_core.environment:checking '/home/user/ros2_ws/install/simple_manipulator_moveit_config' for CMake module files
[0.538s] Level 1:colcon.colcon_core.environment:checking '/home/user/ros2_ws/install/simple_manipulator_moveit_config' for CMake config files
[0.538s] Level 1:colcon.colcon_core.shell:create_environment_hook('simple_manipulator_moveit_config', 'cmake_prefix_path')
[0.538s] INFO:colcon.colcon_core.shell:Creating environment hook '/home/user/ros2_ws/install/simple_manipulator_moveit_config/share/simple_manipulator_moveit_config/hook/cmake_prefix_path.ps1'
[0.539s] INFO:colcon.colcon_core.shell:Creating environment descriptor '/home/user/ros2_ws/install/simple_manipulator_moveit_config/share/simple_manipulator_moveit_config/hook/cmake_prefix_path.dsv'
[0.539s] INFO:colcon.colcon_core.shell:Creating environment hook '/home/user/ros2_ws/install/simple_manipulator_moveit_config/share/simple_manipulator_moveit_config/hook/cmake_prefix_path.sh'
[0.540s] Level 1:colcon.colcon_core.environment:checking '/home/user/ros2_ws/install/simple_manipulator_moveit_config/bin'
[0.540s] Level 1:colcon.colcon_core.environment:checking '/home/user/ros2_ws/install/simple_manipulator_moveit_config/lib/pkgconfig/simple_manipulator_moveit_config.pc'
[0.540s] Level 1:colcon.colcon_core.environment:checking '/home/user/ros2_ws/install/simple_manipulator_moveit_config/lib/python3.12/site-packages'
[0.540s] Level 1:colcon.colcon_core.environment:checking '/home/user/ros2_ws/install/simple_manipulator_moveit_config/bin'
[0.541s] INFO:colcon.colcon_core.shell:Creating package script '/home/user/ros2_ws/install/simple_manipulator_moveit_config/share/simple_manipulator_moveit_config/package.ps1'
[0.541s] INFO:colcon.colcon_core.shell:Creating package descriptor '/home/user/ros2_ws/install/simple_manipulator_moveit_config/share/simple_manipulator_moveit_config/package.dsv'
[0.542s] INFO:colcon.colcon_core.shell:Creating package script '/home/user/ros2_ws/install/simple_manipulator_moveit_config/share/simple_manipulator_moveit_config/package.sh'
[0.542s] INFO:colcon.colcon_core.shell:Creating package script '/home/user/ros2_ws/install/simple_manipulator_moveit_config/share/simple_manipulator_moveit_config/package.bash'
[0.543s] INFO:colcon.colcon_core.shell:Creating package script '/home/user/ros2_ws/install/simple_manipulator_moveit_config/share/simple_manipulator_moveit_config/package.zsh'
[0.543s] Level 1:colcon.colcon_core.environment:create_file_with_runtime_dependencies(/home/user/ros2_ws/install/simple_manipulator_moveit_config/share/colcon-core/packages/simple_manipulator_moveit_config)
[0.886s] DEBUG:colcon.colcon_core.event_handler.log_command:Invoking command in '/home/user/ros2_ws/src/motion_planner': DEBUGINFOD_URLS=https://debuginfod.ubuntu.com PYTHONPATH=/home/user/ros2_ws/build/motion_planner/prefix_override:/usr/lib/python3/dist-packages/colcon_core/task/python/colcon_distutils_commands:/home/user/ros2_ws/install/motion_planner/lib/python3.12/site-packages:${PYTHONPATH} /usr/bin/python3 -W ignore:setup.py install is deprecated -W ignore:easy_install command is deprecated setup.py egg_info --egg-base ../../build/motion_planner build --build-base /home/user/ros2_ws/build/motion_planner/build install --record /home/user/ros2_ws/build/motion_planner/install.log --single-version-externally-managed install_data
[1.324s] Level 1:colcon.colcon_core.environment:checking '/home/user/ros2_ws/install/motion_planner' for CMake module files
[1.324s] Level 1:colcon.colcon_core.environment:checking '/home/user/ros2_ws/install/motion_planner' for CMake config files
[1.325s] Level 1:colcon.colcon_core.environment:checking '/home/user/ros2_ws/install/motion_planner/lib'
[1.325s] Level 1:colcon.colcon_core.environment:checking '/home/user/ros2_ws/install/motion_planner/bin'
[1.325s] Level 1:colcon.colcon_core.environment:checking '/home/user/ros2_ws/install/motion_planner/lib/pkgconfig/motion_planner.pc'
[1.325s] Level 1:colcon.colcon_core.environment:checking '/home/user/ros2_ws/install/motion_planner/lib/python3.12/site-packages'
[1.325s] Level 1:colcon.colcon_core.shell:create_environment_hook('motion_planner', 'pythonpath')
[1.325s] INFO:colcon.colcon_core.shell:Creating environment hook '/home/user/ros2_ws/install/motion_planner/share/motion_planner/hook/pythonpath.ps1'
[1.326s] INFO:colcon.colcon_core.shell:Creating environment descriptor '/home/user/ros2_ws/install/motion_planner/share/motion_planner/hook/pythonpath.dsv'
[1.326s] DEBUG:colcon.colcon_core.event_handler.log_command:Invoked command in '/home/user/ros2_ws/src/motion_planner' returned '0': DEBUGINFOD_URLS=https://debuginfod.ubuntu.com PYTHONPATH=/home/user/ros2_ws/build/motion_planner/prefix_override:/usr/lib/python3/dist-packages/colcon_core/task/python/colcon_distutils_commands:/home/user/ros2_ws/install/motion_planner/lib/python3.12/site-packages:${PYTHONPATH} /usr/bin/python3 -W ignore:setup.py install is deprecated -W ignore:easy_install command is deprecated setup.py egg_info --egg-base ../../build/motion_planner build --build-base /home/user/ros2_ws/build/motion_planner/build install --record /home/user/ros2_ws/build/motion_planner/install.log --single-version-externally-managed install_data
[1.327s] INFO:colcon.colcon_core.shell:Creating environment hook '/home/user/ros2_ws/install/motion_planner/share/motion_planner/hook/pythonpath.sh'
[1.328s] Level 1:colcon.colcon_core.environment:checking '/home/user/ros2_ws/install/motion_planner/bin'
[1.328s] Level 1:colcon.colcon_core.environment:create_environment_scripts_only(motion_planner)
[1.328s] INFO:colcon.colcon_core.shell:Creating package script '/home/user/ros2_ws/install/motion_planner/share/motion_planner/package.ps1'
[1.328s] INFO:colcon.colcon_core.shell:Creating package descriptor '/home/user/ros2_ws/install/motion_planner/share/motion_planner/package.dsv'
[1.329s] INFO:colcon.colcon_core.shell:Creating package script '/home/user/ros2_ws/install/motion_planner/share/motion_planner/package.sh'
[1.330s] INFO:colcon.colcon_core.shell:Creating package script '/home/user/ros2_ws/install/motion_planner/share/motion_planner/package.bash'
[1.330s] INFO:colcon.colcon_core.shell:Creating package script '/home/user/ros2_ws/install/motion_planner/share/motion_planner/package.zsh'
[1.330s] Level 1:colcon.colcon_core.environment:create_file_with_runtime_dependencies(/home/user/ros2_ws/install/motion_planner/share/colcon-core/packages/motion_planner)
[1.331s] DEBUG:colcon.colcon_parallel_executor.executor.parallel:closing loop
[1.332s] DEBUG:colcon.colcon_parallel_executor.executor.parallel:loop closed
[1.332s] DEBUG:colcon.colcon_parallel_executor.executor.parallel:run_until_complete finished with '0'
[1.332s] DEBUG:colcon.colcon_core.event_reactor:joining thread
[1.337s] INFO:colcon.colcon_core.plugin_system:Skipping extension 'colcon_notification.desktop_notification.terminal_notifier': Not used on non-Darwin systems
[1.337s] INFO:colcon.colcon_core.plugin_system:Skipping extension 'colcon_notification.desktop_notification.win32': Not used on non-Windows systems
[1.337s] INFO:colcon.colcon_notification.desktop_notification:Sending desktop notification using 'notify2'
[1.355s] DEBUG:colcon.colcon_core.event_reactor:joined thread
[1.355s] INFO:colcon.colcon_core.shell:Creating prefix script '/home/user/ros2_ws/install/local_setup.ps1'
[1.356s] INFO:colcon.colcon_core.shell:Creating prefix util module '/home/user/ros2_ws/install/_local_setup_util_ps1.py'
[1.357s] INFO:colcon.colcon_core.shell:Creating prefix chain script '/home/user/ros2_ws/install/setup.ps1'
[1.358s] INFO:colcon.colcon_core.shell:Creating prefix script '/home/user/ros2_ws/install/local_setup.sh'
[1.360s] INFO:colcon.colcon_core.shell:Creating prefix util module '/home/user/ros2_ws/install/_local_setup_util_sh.py'
[1.362s] INFO:colcon.colcon_core.shell:Creating prefix chain script '/home/user/ros2_ws/install/setup.sh'
[1.363s] INFO:colcon.colcon_core.shell:Creating prefix script '/home/user/ros2_ws/install/local_setup.bash'
[1.364s] INFO:colcon.colcon_core.shell:Creating prefix chain script '/home/user/ros2_ws/install/setup.bash'
[1.365s] INFO:colcon.colcon_core.shell:Creating prefix script '/home/user/ros2_ws/install/local_setup.zsh'
[1.367s] INFO:colcon.colcon_core.shell:Creating prefix chain script '/home/user/ros2_ws/install/setup.zsh'
