[0.634s] Invoking command in '/home/user/ros2_ws/src/motion_planner': DEBUGINFOD_URLS=https://debuginfod.ubuntu.com PYTHONPATH=/home/user/ros2_ws/build/motion_planner/prefix_override:/usr/lib/python3/dist-packages/colcon_core/task/python/colcon_distutils_commands:/home/user/ros2_ws/install/motion_planner/lib/python3.12/site-packages:${PYTHONPATH} /usr/bin/python3 -W ignore:setup.py install is deprecated -W ignore:easy_install command is deprecated setup.py egg_info --egg-base ../../build/motion_planner build --build-base /home/user/ros2_ws/build/motion_planner/build install --record /home/user/ros2_ws/build/motion_planner/install.log --single-version-externally-managed install_data
[0.811s] running egg_info
[0.826s] writing ../../build/motion_planner/motion_planner.egg-info/PKG-INFO
[0.827s] writing dependency_links to ../../build/motion_planner/motion_planner.egg-info/dependency_links.txt
[0.827s] writing entry points to ../../build/motion_planner/motion_planner.egg-info/entry_points.txt
[0.827s] writing requirements to ../../build/motion_planner/motion_planner.egg-info/requires.txt
[0.828s] writing top-level names to ../../build/motion_planner/motion_planner.egg-info/top_level.txt
[0.853s] reading manifest file '../../build/motion_planner/motion_planner.egg-info/SOURCES.txt'
[0.853s] adding license file 'LICENSE'
[0.855s] writing manifest file '../../build/motion_planner/motion_planner.egg-info/SOURCES.txt'
[0.855s] running build
[0.855s] running build_py
[0.855s] running install
[0.859s] running install_lib
[0.872s] running install_data
[0.872s] running install_egg_info
[0.886s] removing '/home/user/ros2_ws/install/motion_planner/lib/python3.12/site-packages/motion_planner-0.0.0-py3.12.egg-info' (and everything under it)
[0.886s] Copying ../../build/motion_planner/motion_planner.egg-info to /home/user/ros2_ws/install/motion_planner/lib/python3.12/site-packages/motion_planner-0.0.0-py3.12.egg-info
[0.888s] running install_scripts
[0.978s] Installing trajectory_generator script to /home/user/ros2_ws/install/motion_planner/lib/motion_planner
[0.980s] writing list of installed files to '/home/user/ros2_ws/build/motion_planner/install.log'
[1.001s] Invoked command in '/home/user/ros2_ws/src/motion_planner' returned '0': DEBUGINFOD_URLS=https://debuginfod.ubuntu.com PYTHONPATH=/home/user/ros2_ws/build/motion_planner/prefix_override:/usr/lib/python3/dist-packages/colcon_core/task/python/colcon_distutils_commands:/home/user/ros2_ws/install/motion_planner/lib/python3.12/site-packages:${PYTHONPATH} /usr/bin/python3 -W ignore:setup.py install is deprecated -W ignore:easy_install command is deprecated setup.py egg_info --egg-base ../../build/motion_planner build --build-base /home/user/ros2_ws/build/motion_planner/build install --record /home/user/ros2_ws/build/motion_planner/install.log --single-version-externally-managed install_data
