[0.746s] Invoking command in '/home/user/ros2_ws/src/motion_planner': DEBUGINFOD_URLS=https://debuginfod.ubuntu.com PYTHONPATH=/home/user/ros2_ws/build/motion_planner/prefix_override:/usr/lib/python3/dist-packages/colcon_core/task/python/colcon_distutils_commands:/home/user/ros2_ws/install/motion_planner/lib/python3.12/site-packages:${PYTHONPATH} /usr/bin/python3 -W ignore:setup.py install is deprecated -W ignore:easy_install command is deprecated setup.py egg_info --egg-base ../../build/motion_planner build --build-base /home/user/ros2_ws/build/motion_planner/build install --record /home/user/ros2_ws/build/motion_planner/install.log --single-version-externally-managed install_data
[0.967s] running egg_info
[0.982s] writing ../../build/motion_planner/motion_planner.egg-info/PKG-INFO
[0.982s] writing dependency_links to ../../build/motion_planner/motion_planner.egg-info/dependency_links.txt
[0.984s] writing entry points to ../../build/motion_planner/motion_planner.egg-info/entry_points.txt
[0.984s] writing requirements to ../../build/motion_planner/motion_planner.egg-info/requires.txt
[0.984s] writing top-level names to ../../build/motion_planner/motion_planner.egg-info/top_level.txt
[1.020s] reading manifest file '../../build/motion_planner/motion_planner.egg-info/SOURCES.txt'
[1.020s] adding license file 'LICENSE'
[1.021s] writing manifest file '../../build/motion_planner/motion_planner.egg-info/SOURCES.txt'
[1.021s] running build
[1.021s] running build_py
[1.021s] running install
[1.026s] running install_lib
[1.043s] running install_data
[1.043s] running install_egg_info
[1.059s] removing '/home/user/ros2_ws/install/motion_planner/lib/python3.12/site-packages/motion_planner-0.0.0-py3.12.egg-info' (and everything under it)
[1.061s] Copying ../../build/motion_planner/motion_planner.egg-info to /home/user/ros2_ws/install/motion_planner/lib/python3.12/site-packages/motion_planner-0.0.0-py3.12.egg-info
[1.062s] running install_scripts
[1.168s] Installing trajectory_generator script to /home/user/ros2_ws/install/motion_planner/lib/motion_planner
[1.169s] writing list of installed files to '/home/user/ros2_ws/build/motion_planner/install.log'
[1.192s] Invoked command in '/home/user/ros2_ws/src/motion_planner' returned '0': DEBUGINFOD_URLS=https://debuginfod.ubuntu.com PYTHONPATH=/home/user/ros2_ws/build/motion_planner/prefix_override:/usr/lib/python3/dist-packages/colcon_core/task/python/colcon_distutils_commands:/home/user/ros2_ws/install/motion_planner/lib/python3.12/site-packages:${PYTHONPATH} /usr/bin/python3 -W ignore:setup.py install is deprecated -W ignore:easy_install command is deprecated setup.py egg_info --egg-base ../../build/motion_planner build --build-base /home/user/ros2_ws/build/motion_planner/build install --record /home/user/ros2_ws/build/motion_planner/install.log --single-version-externally-managed install_data
