[0.184s] Invoking command in '/home/user/ros2_ws/build/simple_manipulator_gazebo': CMAKE_PREFIX_PATH=${CMAKE_PREFIX_PATH}:/home/user/ros2_ws/install/motion_planner:/opt/ros/jazzy DEBUGINFOD_URLS=https://debuginfod.ubuntu.com /usr/bin/cmake --build /home/user/ros2_ws/build/simple_manipulator_gazebo -- -j4 -l4
[0.249s] Invoked command in '/home/user/ros2_ws/build/simple_manipulator_gazebo' returned '0': CMAKE_PREFIX_PATH=${CMAKE_PREFIX_PATH}:/home/user/ros2_ws/install/motion_planner:/opt/ros/jazzy DEBUGINFOD_URLS=https://debuginfod.ubuntu.com /usr/bin/cmake --build /home/user/ros2_ws/build/simple_manipulator_gazebo -- -j4 -l4
[0.251s] Invoking command in '/home/user/ros2_ws/build/simple_manipulator_gazebo': CMAKE_PREFIX_PATH=${CMAKE_PREFIX_PATH}:/home/user/ros2_ws/install/motion_planner:/opt/ros/jazzy DEBUGINFOD_URLS=https://debuginfod.ubuntu.com /usr/bin/cmake --install /home/user/ros2_ws/build/simple_manipulator_gazebo
[0.261s] -- Install configuration: ""
[0.261s] -- Up-to-date: /home/user/ros2_ws/install/simple_manipulator_gazebo/share/simple_manipulator_gazebo/launch
[0.261s] -- Installing: /home/user/ros2_ws/install/simple_manipulator_gazebo/share/simple_manipulator_gazebo/launch/spawn_robot.launch.xml
[0.263s] -- Up-to-date: /home/user/ros2_ws/install/simple_manipulator_gazebo/share/simple_manipulator_gazebo/launch/start_simulator.launch.xml
[0.265s] -- Up-to-date: /home/user/ros2_ws/install/simple_manipulator_gazebo/share/simple_manipulator_gazebo/config
[0.265s] -- Up-to-date: /home/user/ros2_ws/install/simple_manipulator_gazebo/share/simple_manipulator_gazebo/config/rviz_config.rviz
[0.265s] -- Up-to-date: /home/user/ros2_ws/install/simple_manipulator_gazebo/share/simple_manipulator_gazebo/config/bridge_car_config.yaml
[0.266s] -- Up-to-date: /home/user/ros2_ws/install/simple_manipulator_gazebo/share/simple_manipulator_gazebo/worlds
[0.266s] -- Up-to-date: /home/user/ros2_ws/install/simple_manipulator_gazebo/share/simple_manipulator_gazebo/worlds/empty.world
[0.267s] -- Up-to-date: /home/user/ros2_ws/install/simple_manipulator_gazebo/share/ament_index/resource_index/package_run_dependencies/simple_manipulator_gazebo
[0.267s] -- Up-to-date: /home/user/ros2_ws/install/simple_manipulator_gazebo/share/ament_index/resource_index/parent_prefix_path/simple_manipulator_gazebo
[0.267s] -- Up-to-date: /home/user/ros2_ws/install/simple_manipulator_gazebo/share/simple_manipulator_gazebo/environment/ament_prefix_path.sh
[0.267s] -- Up-to-date: /home/user/ros2_ws/install/simple_manipulator_gazebo/share/simple_manipulator_gazebo/environment/ament_prefix_path.dsv
[0.268s] -- Up-to-date: /home/user/ros2_ws/install/simple_manipulator_gazebo/share/simple_manipulator_gazebo/environment/path.sh
[0.268s] -- Up-to-date: /home/user/ros2_ws/install/simple_manipulator_gazebo/share/simple_manipulator_gazebo/environment/path.dsv
[0.269s] -- Up-to-date: /home/user/ros2_ws/install/simple_manipulator_gazebo/share/simple_manipulator_gazebo/local_setup.bash
[0.270s] -- Up-to-date: /home/user/ros2_ws/install/simple_manipulator_gazebo/share/simple_manipulator_gazebo/local_setup.sh
[0.270s] -- Up-to-date: /home/user/ros2_ws/install/simple_manipulator_gazebo/share/simple_manipulator_gazebo/local_setup.zsh
[0.270s] -- Up-to-date: /home/user/ros2_ws/install/simple_manipulator_gazebo/share/simple_manipulator_gazebo/local_setup.dsv
[0.271s] -- Installing: /home/user/ros2_ws/install/simple_manipulator_gazebo/share/simple_manipulator_gazebo/package.dsv
[0.271s] -- Up-to-date: /home/user/ros2_ws/install/simple_manipulator_gazebo/share/ament_index/resource_index/packages/simple_manipulator_gazebo
[0.271s] -- Up-to-date: /home/user/ros2_ws/install/simple_manipulator_gazebo/share/simple_manipulator_gazebo/cmake/simple_manipulator_gazeboConfig.cmake
[0.271s] -- Up-to-date: /home/user/ros2_ws/install/simple_manipulator_gazebo/share/simple_manipulator_gazebo/cmake/simple_manipulator_gazeboConfig-version.cmake
[0.272s] -- Up-to-date: /home/user/ros2_ws/install/simple_manipulator_gazebo/share/simple_manipulator_gazebo/package.xml
[0.272s] Invoked command in '/home/user/ros2_ws/build/simple_manipulator_gazebo' returned '0': CMAKE_PREFIX_PATH=${CMAKE_PREFIX_PATH}:/home/user/ros2_ws/install/motion_planner:/opt/ros/jazzy DEBUGINFOD_URLS=https://debuginfod.ubuntu.com /usr/bin/cmake --install /home/user/ros2_ws/build/simple_manipulator_gazebo
