[0.078s] DEBUG:colcon:Command line arguments: ['/usr/bin/colcon', 'build']
[0.078s] DEBUG:colcon:Parsed command line arguments: Namespace(log_base=None, log_level=None, verb_name='build', build_base='build', install_base='install', merge_install=False, symlink_install=False, test_result_base=None, continue_on_error=False, executor='parallel', parallel_workers=4, event_handlers=None, ignore_user_meta=False, metas=['./colcon.meta'], base_paths=['.'], packages_ignore=None, packages_ignore_regex=None, paths=None, packages_up_to=None, packages_up_to_regex=None, packages_above=None, packages_above_and_dependencies=None, packages_above_depth=None, packages_select_by_dep=None, packages_skip_by_dep=None, packages_skip_up_to=None, packages_select_build_failed=False, packages_skip_build_finished=False, packages_select_test_failures=False, packages_skip_test_passed=False, packages_select=None, packages_skip=None, packages_select_regex=None, packages_skip_regex=None, packages_start=None, packages_end=None, allow_overriding=[], cmake_args=None, cmake_target=None, cmake_target_skip_unavailable=False, cmake_clean_cache=False, cmake_clean_first=False, cmake_force_configure=False, ament_cmake_args=None, catkin_cmake_args=None, catkin_skip_building_tests=False, mixin_files=None, mixin=None, verb_parser=<colcon_mixin.mixin.mixin_argument.MixinArgumentDecorator object at 0x7990a219aba0>, verb_extension=<colcon_core.verb.build.BuildVerb object at 0x7990a2138b00>, main=<bound method BuildVerb.main of <colcon_core.verb.build.BuildVerb object at 0x7990a2138b00>>, mixin_verb=('build',))
[0.105s] Level 1:colcon.colcon_core.package_discovery:discover_packages(colcon_meta) check parameters
[0.105s] Level 1:colcon.colcon_core.package_discovery:discover_packages(recursive) check parameters
[0.106s] Level 1:colcon.colcon_core.package_discovery:discover_packages(ignore) check parameters
[0.106s] Level 1:colcon.colcon_core.package_discovery:discover_packages(path) check parameters
[0.106s] Level 1:colcon.colcon_core.package_discovery:discover_packages(colcon_meta) discover
[0.106s] Level 1:colcon.colcon_core.package_discovery:discover_packages(recursive) discover
[0.106s] INFO:colcon.colcon_core.package_discovery:Crawling recursively for packages in '/home/user/ros2_ws'
[0.106s] Level 1:colcon.colcon_core.package_identification:_identify(.) by extensions ['ignore', 'ignore_ament_install']
[0.106s] Level 1:colcon.colcon_core.package_identification:_identify(.) by extension 'ignore'
[0.106s] Level 1:colcon.colcon_core.package_identification:_identify(.) by extension 'ignore_ament_install'
[0.106s] Level 1:colcon.colcon_core.package_identification:_identify(.) by extensions ['colcon_pkg']
[0.106s] Level 1:colcon.colcon_core.package_identification:_identify(.) by extension 'colcon_pkg'
[0.106s] Level 1:colcon.colcon_core.package_identification:_identify(.) by extensions ['colcon_meta']
[0.106s] Level 1:colcon.colcon_core.package_identification:_identify(.) by extension 'colcon_meta'
[0.106s] Level 1:colcon.colcon_core.package_identification:_identify(.) by extensions ['ros']
[0.106s] Level 1:colcon.colcon_core.package_identification:_identify(.) by extension 'ros'
[0.122s] Level 1:colcon.colcon_core.package_identification:_identify(.) by extensions ['cmake', 'python']
[0.122s] Level 1:colcon.colcon_core.package_identification:_identify(.) by extension 'cmake'
[0.122s] Level 1:colcon.colcon_core.package_identification:_identify(.) by extension 'python'
[0.122s] Level 1:colcon.colcon_core.package_identification:_identify(.) by extensions ['python_setup_py']
[0.122s] Level 1:colcon.colcon_core.package_identification:_identify(.) by extension 'python_setup_py'
[0.122s] Level 1:colcon.colcon_core.package_identification:_identify(build) by extensions ['ignore', 'ignore_ament_install']
[0.122s] Level 1:colcon.colcon_core.package_identification:_identify(build) by extension 'ignore'
[0.122s] Level 1:colcon.colcon_core.package_identification:_identify(build) ignored
[0.123s] Level 1:colcon.colcon_core.package_identification:_identify(install) by extensions ['ignore', 'ignore_ament_install']
[0.123s] Level 1:colcon.colcon_core.package_identification:_identify(install) by extension 'ignore'
[0.123s] Level 1:colcon.colcon_core.package_identification:_identify(install) ignored
[0.123s] Level 1:colcon.colcon_core.package_identification:_identify(log) by extensions ['ignore', 'ignore_ament_install']
[0.123s] Level 1:colcon.colcon_core.package_identification:_identify(log) by extension 'ignore'
[0.123s] Level 1:colcon.colcon_core.package_identification:_identify(log) ignored
[0.123s] Level 1:colcon.colcon_core.package_identification:_identify(src) by extensions ['ignore', 'ignore_ament_install']
[0.123s] Level 1:colcon.colcon_core.package_identification:_identify(src) by extension 'ignore'
[0.123s] Level 1:colcon.colcon_core.package_identification:_identify(src) by extension 'ignore_ament_install'
[0.123s] Level 1:colcon.colcon_core.package_identification:_identify(src) by extensions ['colcon_pkg']
[0.123s] Level 1:colcon.colcon_core.package_identification:_identify(src) by extension 'colcon_pkg'
[0.123s] Level 1:colcon.colcon_core.package_identification:_identify(src) by extensions ['colcon_meta']
[0.123s] Level 1:colcon.colcon_core.package_identification:_identify(src) by extension 'colcon_meta'
[0.123s] Level 1:colcon.colcon_core.package_identification:_identify(src) by extensions ['ros']
[0.123s] Level 1:colcon.colcon_core.package_identification:_identify(src) by extension 'ros'
[0.123s] Level 1:colcon.colcon_core.package_identification:_identify(src) by extensions ['cmake', 'python']
[0.123s] Level 1:colcon.colcon_core.package_identification:_identify(src) by extension 'cmake'
[0.123s] Level 1:colcon.colcon_core.package_identification:_identify(src) by extension 'python'
[0.123s] Level 1:colcon.colcon_core.package_identification:_identify(src) by extensions ['python_setup_py']
[0.123s] Level 1:colcon.colcon_core.package_identification:_identify(src) by extension 'python_setup_py'
[0.123s] Level 1:colcon.colcon_core.package_identification:_identify(src/motion_planner) by extensions ['ignore', 'ignore_ament_install']
[0.123s] Level 1:colcon.colcon_core.package_identification:_identify(src/motion_planner) by extension 'ignore'
[0.123s] Level 1:colcon.colcon_core.package_identification:_identify(src/motion_planner) by extension 'ignore_ament_install'
[0.123s] Level 1:colcon.colcon_core.package_identification:_identify(src/motion_planner) by extensions ['colcon_pkg']
[0.123s] Level 1:colcon.colcon_core.package_identification:_identify(src/motion_planner) by extension 'colcon_pkg'
[0.123s] Level 1:colcon.colcon_core.package_identification:_identify(src/motion_planner) by extensions ['colcon_meta']
[0.123s] Level 1:colcon.colcon_core.package_identification:_identify(src/motion_planner) by extension 'colcon_meta'
[0.123s] Level 1:colcon.colcon_core.package_identification:_identify(src/motion_planner) by extensions ['ros']
[0.123s] Level 1:colcon.colcon_core.package_identification:_identify(src/motion_planner) by extension 'ros'
[0.125s] DEBUG:colcon.colcon_core.package_identification:Package 'src/motion_planner' with type 'ros.ament_python' and name 'motion_planner'
[0.125s] Level 1:colcon.colcon_core.package_identification:_identify(src/simple_manipulator_moveit_config) by extensions ['ignore', 'ignore_ament_install']
[0.125s] Level 1:colcon.colcon_core.package_identification:_identify(src/simple_manipulator_moveit_config) by extension 'ignore'
[0.125s] Level 1:colcon.colcon_core.package_identification:_identify(src/simple_manipulator_moveit_config) by extension 'ignore_ament_install'
[0.125s] Level 1:colcon.colcon_core.package_identification:_identify(src/simple_manipulator_moveit_config) by extensions ['colcon_pkg']
[0.125s] Level 1:colcon.colcon_core.package_identification:_identify(src/simple_manipulator_moveit_config) by extension 'colcon_pkg'
[0.125s] Level 1:colcon.colcon_core.package_identification:_identify(src/simple_manipulator_moveit_config) by extensions ['colcon_meta']
[0.125s] Level 1:colcon.colcon_core.package_identification:_identify(src/simple_manipulator_moveit_config) by extension 'colcon_meta'
[0.125s] Level 1:colcon.colcon_core.package_identification:_identify(src/simple_manipulator_moveit_config) by extensions ['ros']
[0.125s] Level 1:colcon.colcon_core.package_identification:_identify(src/simple_manipulator_moveit_config) by extension 'ros'
[0.125s] DEBUG:colcon.colcon_core.package_identification:Package 'src/simple_manipulator_moveit_config' with type 'ros.ament_cmake' and name 'simple_manipulator_moveit_config'
[0.125s] Level 1:colcon.colcon_core.package_identification:_identify(src/test) by extensions ['ignore', 'ignore_ament_install']
[0.125s] Level 1:colcon.colcon_core.package_identification:_identify(src/test) by extension 'ignore'
[0.126s] Level 1:colcon.colcon_core.package_identification:_identify(src/test) by extension 'ignore_ament_install'
[0.126s] Level 1:colcon.colcon_core.package_identification:_identify(src/test) by extensions ['colcon_pkg']
[0.126s] Level 1:colcon.colcon_core.package_identification:_identify(src/test) by extension 'colcon_pkg'
[0.126s] Level 1:colcon.colcon_core.package_identification:_identify(src/test) by extensions ['colcon_meta']
[0.126s] Level 1:colcon.colcon_core.package_identification:_identify(src/test) by extension 'colcon_meta'
[0.126s] Level 1:colcon.colcon_core.package_identification:_identify(src/test) by extensions ['ros']
[0.126s] Level 1:colcon.colcon_core.package_identification:_identify(src/test) by extension 'ros'
[0.126s] DEBUG:colcon.colcon_core.package_identification:Package 'src/test' with type 'ros.ament_cmake' and name 'test'
[0.126s] Level 1:colcon.colcon_core.package_discovery:discover_packages(recursive) using defaults
[0.126s] Level 1:colcon.colcon_core.package_discovery:discover_packages(ignore) discover
[0.126s] Level 1:colcon.colcon_core.package_discovery:discover_packages(ignore) using defaults
[0.126s] Level 1:colcon.colcon_core.package_discovery:discover_packages(path) discover
[0.126s] Level 1:colcon.colcon_core.package_discovery:discover_packages(path) using defaults
[0.138s] Level 1:colcon.colcon_core.package_discovery:discover_packages(prefix_path) check parameters
[0.138s] Level 1:colcon.colcon_core.package_discovery:discover_packages(prefix_path) discover
[0.139s] DEBUG:colcon.colcon_installed_package_information.package_discovery:Found 2 installed packages in /home/user/ros2_ws/install
[0.140s] DEBUG:colcon.colcon_installed_package_information.package_discovery:Found 511 installed packages in /opt/ros/jazzy
[0.142s] Level 1:colcon.colcon_core.package_discovery:discover_packages(prefix_path) using defaults
[0.182s] Level 5:colcon.colcon_core.verb:set package 'motion_planner' build argument 'cmake_args' from command line to 'None'
[0.182s] Level 5:colcon.colcon_core.verb:set package 'motion_planner' build argument 'cmake_target' from command line to 'None'
[0.183s] Level 5:colcon.colcon_core.verb:set package 'motion_planner' build argument 'cmake_target_skip_unavailable' from command line to 'False'
[0.183s] Level 5:colcon.colcon_core.verb:set package 'motion_planner' build argument 'cmake_clean_cache' from command line to 'False'
[0.183s] Level 5:colcon.colcon_core.verb:set package 'motion_planner' build argument 'cmake_clean_first' from command line to 'False'
[0.183s] Level 5:colcon.colcon_core.verb:set package 'motion_planner' build argument 'cmake_force_configure' from command line to 'False'
[0.183s] Level 5:colcon.colcon_core.verb:set package 'motion_planner' build argument 'ament_cmake_args' from command line to 'None'
[0.183s] Level 5:colcon.colcon_core.verb:set package 'motion_planner' build argument 'catkin_cmake_args' from command line to 'None'
[0.183s] Level 5:colcon.colcon_core.verb:set package 'motion_planner' build argument 'catkin_skip_building_tests' from command line to 'False'
[0.183s] DEBUG:colcon.colcon_core.verb:Building package 'motion_planner' with the following arguments: {'ament_cmake_args': None, 'build_base': '/home/user/ros2_ws/build/motion_planner', 'catkin_cmake_args': None, 'catkin_skip_building_tests': False, 'cmake_args': None, 'cmake_clean_cache': False, 'cmake_clean_first': False, 'cmake_force_configure': False, 'cmake_target': None, 'cmake_target_skip_unavailable': False, 'install_base': '/home/user/ros2_ws/install/motion_planner', 'merge_install': False, 'path': '/home/user/ros2_ws/src/motion_planner', 'symlink_install': False, 'test_result_base': None}
[0.184s] Level 5:colcon.colcon_core.verb:set package 'test' build argument 'cmake_args' from command line to 'None'
[0.184s] Level 5:colcon.colcon_core.verb:set package 'test' build argument 'cmake_target' from command line to 'None'
[0.184s] Level 5:colcon.colcon_core.verb:set package 'test' build argument 'cmake_target_skip_unavailable' from command line to 'False'
[0.184s] Level 5:colcon.colcon_core.verb:set package 'test' build argument 'cmake_clean_cache' from command line to 'False'
[0.184s] Level 5:colcon.colcon_core.verb:set package 'test' build argument 'cmake_clean_first' from command line to 'False'
[0.184s] Level 5:colcon.colcon_core.verb:set package 'test' build argument 'cmake_force_configure' from command line to 'False'
[0.184s] Level 5:colcon.colcon_core.verb:set package 'test' build argument 'ament_cmake_args' from command line to 'None'
[0.184s] Level 5:colcon.colcon_core.verb:set package 'test' build argument 'catkin_cmake_args' from command line to 'None'
[0.184s] Level 5:colcon.colcon_core.verb:set package 'test' build argument 'catkin_skip_building_tests' from command line to 'False'
[0.184s] DEBUG:colcon.colcon_core.verb:Building package 'test' with the following arguments: {'ament_cmake_args': None, 'build_base': '/home/user/ros2_ws/build/test', 'catkin_cmake_args': None, 'catkin_skip_building_tests': False, 'cmake_args': None, 'cmake_clean_cache': False, 'cmake_clean_first': False, 'cmake_force_configure': False, 'cmake_target': None, 'cmake_target_skip_unavailable': False, 'install_base': '/home/user/ros2_ws/install/test', 'merge_install': False, 'path': '/home/user/ros2_ws/src/test', 'symlink_install': False, 'test_result_base': None}
[0.185s] Level 5:colcon.colcon_core.verb:set package 'simple_manipulator_moveit_config' build argument 'cmake_args' from command line to 'None'
[0.185s] Level 5:colcon.colcon_core.verb:set package 'simple_manipulator_moveit_config' build argument 'cmake_target' from command line to 'None'
[0.185s] Level 5:colcon.colcon_core.verb:set package 'simple_manipulator_moveit_config' build argument 'cmake_target_skip_unavailable' from command line to 'False'
[0.185s] Level 5:colcon.colcon_core.verb:set package 'simple_manipulator_moveit_config' build argument 'cmake_clean_cache' from command line to 'False'
[0.185s] Level 5:colcon.colcon_core.verb:set package 'simple_manipulator_moveit_config' build argument 'cmake_clean_first' from command line to 'False'
[0.185s] Level 5:colcon.colcon_core.verb:set package 'simple_manipulator_moveit_config' build argument 'cmake_force_configure' from command line to 'False'
[0.185s] Level 5:colcon.colcon_core.verb:set package 'simple_manipulator_moveit_config' build argument 'ament_cmake_args' from command line to 'None'
[0.185s] Level 5:colcon.colcon_core.verb:set package 'simple_manipulator_moveit_config' build argument 'catkin_cmake_args' from command line to 'None'
[0.185s] Level 5:colcon.colcon_core.verb:set package 'simple_manipulator_moveit_config' build argument 'catkin_skip_building_tests' from command line to 'False'
[0.185s] DEBUG:colcon.colcon_core.verb:Building package 'simple_manipulator_moveit_config' with the following arguments: {'ament_cmake_args': None, 'build_base': '/home/user/ros2_ws/build/simple_manipulator_moveit_config', 'catkin_cmake_args': None, 'catkin_skip_building_tests': False, 'cmake_args': None, 'cmake_clean_cache': False, 'cmake_clean_first': False, 'cmake_force_configure': False, 'cmake_target': None, 'cmake_target_skip_unavailable': False, 'install_base': '/home/user/ros2_ws/install/simple_manipulator_moveit_config', 'merge_install': False, 'path': '/home/user/ros2_ws/src/simple_manipulator_moveit_config', 'symlink_install': False, 'test_result_base': None}
[0.185s] INFO:colcon.colcon_core.executor:Executing jobs using 'parallel' executor
[0.186s] DEBUG:colcon.colcon_parallel_executor.executor.parallel:run_until_complete
[0.187s] INFO:colcon.colcon_ros.task.ament_cmake.build:Building ROS package in '/home/user/ros2_ws/src/test' with build type 'ament_cmake'
[0.187s] INFO:colcon.colcon_cmake.task.cmake.build:Building CMake package in '/home/user/ros2_ws/src/test'
[0.189s] INFO:colcon.colcon_core.plugin_system:Skipping extension 'colcon_core.shell.bat': Not used on non-Windows systems
[0.189s] INFO:colcon.colcon_core.shell:Skip shell extension 'powershell' for command environment: Not usable outside of PowerShell
[0.189s] DEBUG:colcon.colcon_core.shell:Skip shell extension 'dsv' for command environment
[0.193s] INFO:colcon.colcon_ros.task.ament_python.build:Building ROS package in '/home/user/ros2_ws/src/motion_planner' with build type 'ament_python'
[0.193s] Level 1:colcon.colcon_core.shell:create_environment_hook('motion_planner', 'ament_prefix_path')
[0.193s] INFO:colcon.colcon_core.shell:Creating environment hook '/home/user/ros2_ws/install/motion_planner/share/motion_planner/hook/ament_prefix_path.ps1'
[0.194s] INFO:colcon.colcon_core.shell:Creating environment descriptor '/home/user/ros2_ws/install/motion_planner/share/motion_planner/hook/ament_prefix_path.dsv'
[0.195s] INFO:colcon.colcon_core.shell:Creating environment hook '/home/user/ros2_ws/install/motion_planner/share/motion_planner/hook/ament_prefix_path.sh'
[0.195s] INFO:colcon.colcon_core.shell:Skip shell extension 'powershell' for command environment: Not usable outside of PowerShell
[0.196s] DEBUG:colcon.colcon_core.shell:Skip shell extension 'dsv' for command environment
[0.203s] DEBUG:colcon.colcon_core.event_handler.log_command:Invoking command in '/home/user/ros2_ws/build/test': CMAKE_PREFIX_PATH=${CMAKE_PREFIX_PATH}:/home/user/ros2_ws/install/motion_planner:/opt/ros/jazzy DEBUGINFOD_URLS=https://debuginfod.ubuntu.com /usr/bin/cmake --build /home/user/ros2_ws/build/test -- -j4 -l4
[0.362s] INFO:colcon.colcon_core.task.python.build:Building Python package in '/home/user/ros2_ws/src/motion_planner'
[0.363s] INFO:colcon.colcon_core.shell:Skip shell extension 'powershell' for command environment: Not usable outside of PowerShell
[0.363s] DEBUG:colcon.colcon_core.shell:Skip shell extension 'dsv' for command environment
[0.368s] DEBUG:colcon.colcon_core.event_handler.log_command:Invoked command in '/home/user/ros2_ws/build/test' returned '0': CMAKE_PREFIX_PATH=${CMAKE_PREFIX_PATH}:/home/user/ros2_ws/install/motion_planner:/opt/ros/jazzy DEBUGINFOD_URLS=https://debuginfod.ubuntu.com /usr/bin/cmake --build /home/user/ros2_ws/build/test -- -j4 -l4
[0.377s] DEBUG:colcon.colcon_core.event_handler.log_command:Invoking command in '/home/user/ros2_ws/build/test': CMAKE_PREFIX_PATH=${CMAKE_PREFIX_PATH}:/home/user/ros2_ws/install/motion_planner:/opt/ros/jazzy DEBUGINFOD_URLS=https://debuginfod.ubuntu.com /usr/bin/cmake --install /home/user/ros2_ws/build/test
[0.400s] Level 1:colcon.colcon_core.environment:create_environment_scripts_only(test)
[0.400s] DEBUG:colcon.colcon_core.event_handler.log_command:Invoked command in '/home/user/ros2_ws/build/test' returned '0': CMAKE_PREFIX_PATH=${CMAKE_PREFIX_PATH}:/home/user/ros2_ws/install/motion_planner:/opt/ros/jazzy DEBUGINFOD_URLS=https://debuginfod.ubuntu.com /usr/bin/cmake --install /home/user/ros2_ws/build/test
[0.402s] Level 1:colcon.colcon_core.environment:checking '/home/user/ros2_ws/install/test' for CMake module files
[0.402s] Level 1:colcon.colcon_core.environment:checking '/home/user/ros2_ws/install/test' for CMake config files
[0.403s] Level 1:colcon.colcon_core.shell:create_environment_hook('test', 'cmake_prefix_path')
[0.403s] INFO:colcon.colcon_core.shell:Creating environment hook '/home/user/ros2_ws/install/test/share/test/hook/cmake_prefix_path.ps1'
[0.404s] INFO:colcon.colcon_core.shell:Creating environment descriptor '/home/user/ros2_ws/install/test/share/test/hook/cmake_prefix_path.dsv'
[0.405s] INFO:colcon.colcon_core.shell:Creating environment hook '/home/user/ros2_ws/install/test/share/test/hook/cmake_prefix_path.sh'
[0.405s] Level 1:colcon.colcon_core.environment:checking '/home/user/ros2_ws/install/test/bin'
[0.405s] Level 1:colcon.colcon_core.environment:checking '/home/user/ros2_ws/install/test/lib/pkgconfig/test.pc'
[0.406s] Level 1:colcon.colcon_core.environment:checking '/home/user/ros2_ws/install/test/lib/python3.12/site-packages'
[0.406s] Level 1:colcon.colcon_core.environment:checking '/home/user/ros2_ws/install/test/bin'
[0.406s] INFO:colcon.colcon_core.shell:Creating package script '/home/user/ros2_ws/install/test/share/test/package.ps1'
[0.407s] INFO:colcon.colcon_core.shell:Creating package descriptor '/home/user/ros2_ws/install/test/share/test/package.dsv'
[0.407s] INFO:colcon.colcon_core.shell:Creating package script '/home/user/ros2_ws/install/test/share/test/package.sh'
[0.408s] INFO:colcon.colcon_core.shell:Creating package script '/home/user/ros2_ws/install/test/share/test/package.bash'
[0.408s] INFO:colcon.colcon_core.shell:Creating package script '/home/user/ros2_ws/install/test/share/test/package.zsh'
[0.409s] Level 1:colcon.colcon_core.environment:create_file_with_runtime_dependencies(/home/user/ros2_ws/install/test/share/colcon-core/packages/test)
[0.409s] Level 1:colcon.colcon_core.environment:create_environment_scripts_only(test)
[0.410s] Level 1:colcon.colcon_core.environment:checking '/home/user/ros2_ws/install/test' for CMake module files
[0.410s] Level 1:colcon.colcon_core.environment:checking '/home/user/ros2_ws/install/test' for CMake config files
[0.410s] Level 1:colcon.colcon_core.shell:create_environment_hook('test', 'cmake_prefix_path')
[0.410s] INFO:colcon.colcon_core.shell:Creating environment hook '/home/user/ros2_ws/install/test/share/test/hook/cmake_prefix_path.ps1'
[0.411s] INFO:colcon.colcon_core.shell:Creating environment descriptor '/home/user/ros2_ws/install/test/share/test/hook/cmake_prefix_path.dsv'
[0.411s] INFO:colcon.colcon_core.shell:Creating environment hook '/home/user/ros2_ws/install/test/share/test/hook/cmake_prefix_path.sh'
[0.412s] Level 1:colcon.colcon_core.environment:checking '/home/user/ros2_ws/install/test/bin'
[0.412s] Level 1:colcon.colcon_core.environment:checking '/home/user/ros2_ws/install/test/lib/pkgconfig/test.pc'
[0.412s] Level 1:colcon.colcon_core.environment:checking '/home/user/ros2_ws/install/test/lib/python3.12/site-packages'
[0.412s] Level 1:colcon.colcon_core.environment:checking '/home/user/ros2_ws/install/test/bin'
[0.413s] INFO:colcon.colcon_core.shell:Creating package script '/home/user/ros2_ws/install/test/share/test/package.ps1'
[0.413s] INFO:colcon.colcon_core.shell:Creating package descriptor '/home/user/ros2_ws/install/test/share/test/package.dsv'
[0.414s] INFO:colcon.colcon_core.shell:Creating package script '/home/user/ros2_ws/install/test/share/test/package.sh'
[0.414s] INFO:colcon.colcon_core.shell:Creating package script '/home/user/ros2_ws/install/test/share/test/package.bash'
[0.415s] INFO:colcon.colcon_core.shell:Creating package script '/home/user/ros2_ws/install/test/share/test/package.zsh'
[0.415s] Level 1:colcon.colcon_core.environment:create_file_with_runtime_dependencies(/home/user/ros2_ws/install/test/share/colcon-core/packages/test)
[0.415s] INFO:colcon.colcon_ros.task.ament_cmake.build:Building ROS package in '/home/user/ros2_ws/src/simple_manipulator_moveit_config' with build type 'ament_cmake'
[0.415s] INFO:colcon.colcon_cmake.task.cmake.build:Building CMake package in '/home/user/ros2_ws/src/simple_manipulator_moveit_config'
[0.416s] INFO:colcon.colcon_core.shell:Skip shell extension 'powershell' for command environment: Not usable outside of PowerShell
[0.416s] DEBUG:colcon.colcon_core.shell:Skip shell extension 'dsv' for command environment
[0.430s] DEBUG:colcon.colcon_core.event_handler.log_command:Invoking command in '/home/user/ros2_ws/build/simple_manipulator_moveit_config': CMAKE_PREFIX_PATH=${CMAKE_PREFIX_PATH}:/home/user/ros2_ws/install/motion_planner:/opt/ros/jazzy DEBUGINFOD_URLS=https://debuginfod.ubuntu.com /usr/bin/cmake /home/user/ros2_ws/src/simple_manipulator_moveit_config -DCMAKE_INSTALL_PREFIX=/home/user/ros2_ws/install/simple_manipulator_moveit_config
[0.796s] DEBUG:colcon.colcon_core.event_handler.log_command:Invoking command in '/home/user/ros2_ws/src/motion_planner': DEBUGINFOD_URLS=https://debuginfod.ubuntu.com PYTHONPATH=/home/user/ros2_ws/build/motion_planner/prefix_override:/usr/lib/python3/dist-packages/colcon_core/task/python/colcon_distutils_commands:/home/user/ros2_ws/install/motion_planner/lib/python3.12/site-packages:${PYTHONPATH} /usr/bin/python3 -W ignore:setup.py install is deprecated -W ignore:easy_install command is deprecated setup.py egg_info --egg-base ../../build/motion_planner build --build-base /home/user/ros2_ws/build/motion_planner/build install --record /home/user/ros2_ws/build/motion_planner/install.log --single-version-externally-managed install_data
[1.028s] DEBUG:colcon.colcon_core.event_handler.log_command:Invoked command in '/home/user/ros2_ws/build/simple_manipulator_moveit_config' returned '0': CMAKE_PREFIX_PATH=${CMAKE_PREFIX_PATH}:/home/user/ros2_ws/install/motion_planner:/opt/ros/jazzy DEBUGINFOD_URLS=https://debuginfod.ubuntu.com /usr/bin/cmake /home/user/ros2_ws/src/simple_manipulator_moveit_config -DCMAKE_INSTALL_PREFIX=/home/user/ros2_ws/install/simple_manipulator_moveit_config
[1.034s] DEBUG:colcon.colcon_core.event_handler.log_command:Invoking command in '/home/user/ros2_ws/build/simple_manipulator_moveit_config': CMAKE_PREFIX_PATH=${CMAKE_PREFIX_PATH}:/home/user/ros2_ws/install/motion_planner:/opt/ros/jazzy DEBUGINFOD_URLS=https://debuginfod.ubuntu.com /usr/bin/cmake --build /home/user/ros2_ws/build/simple_manipulator_moveit_config -- -j4 -l4
[1.068s] DEBUG:colcon.colcon_core.event_handler.log_command:Invoked command in '/home/user/ros2_ws/build/simple_manipulator_moveit_config' returned '0': CMAKE_PREFIX_PATH=${CMAKE_PREFIX_PATH}:/home/user/ros2_ws/install/motion_planner:/opt/ros/jazzy DEBUGINFOD_URLS=https://debuginfod.ubuntu.com /usr/bin/cmake --build /home/user/ros2_ws/build/simple_manipulator_moveit_config -- -j4 -l4
[1.070s] DEBUG:colcon.colcon_core.event_handler.log_command:Invoking command in '/home/user/ros2_ws/build/simple_manipulator_moveit_config': CMAKE_PREFIX_PATH=${CMAKE_PREFIX_PATH}:/home/user/ros2_ws/install/motion_planner:/opt/ros/jazzy DEBUGINFOD_URLS=https://debuginfod.ubuntu.com /usr/bin/cmake --install /home/user/ros2_ws/build/simple_manipulator_moveit_config
[1.080s] Level 1:colcon.colcon_core.environment:create_environment_scripts_only(simple_manipulator_moveit_config)
[1.080s] Level 1:colcon.colcon_core.environment:checking '/home/user/ros2_ws/install/simple_manipulator_moveit_config' for CMake module files
[1.082s] Level 1:colcon.colcon_core.environment:checking '/home/user/ros2_ws/install/simple_manipulator_moveit_config' for CMake config files
[1.082s] Level 1:colcon.colcon_core.shell:create_environment_hook('simple_manipulator_moveit_config', 'cmake_prefix_path')
[1.083s] INFO:colcon.colcon_core.shell:Creating environment hook '/home/user/ros2_ws/install/simple_manipulator_moveit_config/share/simple_manipulator_moveit_config/hook/cmake_prefix_path.ps1'
[1.084s] INFO:colcon.colcon_core.shell:Creating environment descriptor '/home/user/ros2_ws/install/simple_manipulator_moveit_config/share/simple_manipulator_moveit_config/hook/cmake_prefix_path.dsv'
[1.084s] INFO:colcon.colcon_core.shell:Creating environment hook '/home/user/ros2_ws/install/simple_manipulator_moveit_config/share/simple_manipulator_moveit_config/hook/cmake_prefix_path.sh'
[1.085s] Level 1:colcon.colcon_core.environment:checking '/home/user/ros2_ws/install/simple_manipulator_moveit_config/bin'
[1.085s] Level 1:colcon.colcon_core.environment:checking '/home/user/ros2_ws/install/simple_manipulator_moveit_config/lib/pkgconfig/simple_manipulator_moveit_config.pc'
[1.085s] Level 1:colcon.colcon_core.environment:checking '/home/user/ros2_ws/install/simple_manipulator_moveit_config/lib/python3.12/site-packages'
[1.085s] Level 1:colcon.colcon_core.environment:checking '/home/user/ros2_ws/install/simple_manipulator_moveit_config/bin'
[1.086s] INFO:colcon.colcon_core.shell:Creating package script '/home/user/ros2_ws/install/simple_manipulator_moveit_config/share/simple_manipulator_moveit_config/package.ps1'
[1.086s] INFO:colcon.colcon_core.shell:Creating package descriptor '/home/user/ros2_ws/install/simple_manipulator_moveit_config/share/simple_manipulator_moveit_config/package.dsv'
[1.087s] INFO:colcon.colcon_core.shell:Creating package script '/home/user/ros2_ws/install/simple_manipulator_moveit_config/share/simple_manipulator_moveit_config/package.sh'
[1.088s] INFO:colcon.colcon_core.shell:Creating package script '/home/user/ros2_ws/install/simple_manipulator_moveit_config/share/simple_manipulator_moveit_config/package.bash'
[1.088s] INFO:colcon.colcon_core.shell:Creating package script '/home/user/ros2_ws/install/simple_manipulator_moveit_config/share/simple_manipulator_moveit_config/package.zsh'
[1.089s] Level 1:colcon.colcon_core.environment:create_file_with_runtime_dependencies(/home/user/ros2_ws/install/simple_manipulator_moveit_config/share/colcon-core/packages/simple_manipulator_moveit_config)
[1.090s] Level 1:colcon.colcon_core.environment:create_environment_scripts_only(simple_manipulator_moveit_config)
[1.090s] Level 1:colcon.colcon_core.environment:checking '/home/user/ros2_ws/install/simple_manipulator_moveit_config' for CMake module files
[1.091s] DEBUG:colcon.colcon_core.event_handler.log_command:Invoked command in '/home/user/ros2_ws/build/simple_manipulator_moveit_config' returned '0': CMAKE_PREFIX_PATH=${CMAKE_PREFIX_PATH}:/home/user/ros2_ws/install/motion_planner:/opt/ros/jazzy DEBUGINFOD_URLS=https://debuginfod.ubuntu.com /usr/bin/cmake --install /home/user/ros2_ws/build/simple_manipulator_moveit_config
[1.092s] Level 1:colcon.colcon_core.environment:checking '/home/user/ros2_ws/install/simple_manipulator_moveit_config' for CMake config files
[1.092s] Level 1:colcon.colcon_core.shell:create_environment_hook('simple_manipulator_moveit_config', 'cmake_prefix_path')
[1.093s] INFO:colcon.colcon_core.shell:Creating environment hook '/home/user/ros2_ws/install/simple_manipulator_moveit_config/share/simple_manipulator_moveit_config/hook/cmake_prefix_path.ps1'
[1.093s] INFO:colcon.colcon_core.shell:Creating environment descriptor '/home/user/ros2_ws/install/simple_manipulator_moveit_config/share/simple_manipulator_moveit_config/hook/cmake_prefix_path.dsv'
[1.094s] INFO:colcon.colcon_core.shell:Creating environment hook '/home/user/ros2_ws/install/simple_manipulator_moveit_config/share/simple_manipulator_moveit_config/hook/cmake_prefix_path.sh'
[1.094s] Level 1:colcon.colcon_core.environment:checking '/home/user/ros2_ws/install/simple_manipulator_moveit_config/bin'
[1.094s] Level 1:colcon.colcon_core.environment:checking '/home/user/ros2_ws/install/simple_manipulator_moveit_config/lib/pkgconfig/simple_manipulator_moveit_config.pc'
[1.095s] Level 1:colcon.colcon_core.environment:checking '/home/user/ros2_ws/install/simple_manipulator_moveit_config/lib/python3.12/site-packages'
[1.095s] Level 1:colcon.colcon_core.environment:checking '/home/user/ros2_ws/install/simple_manipulator_moveit_config/bin'
[1.095s] INFO:colcon.colcon_core.shell:Creating package script '/home/user/ros2_ws/install/simple_manipulator_moveit_config/share/simple_manipulator_moveit_config/package.ps1'
[1.096s] INFO:colcon.colcon_core.shell:Creating package descriptor '/home/user/ros2_ws/install/simple_manipulator_moveit_config/share/simple_manipulator_moveit_config/package.dsv'
[1.096s] INFO:colcon.colcon_core.shell:Creating package script '/home/user/ros2_ws/install/simple_manipulator_moveit_config/share/simple_manipulator_moveit_config/package.sh'
[1.097s] INFO:colcon.colcon_core.shell:Creating package script '/home/user/ros2_ws/install/simple_manipulator_moveit_config/share/simple_manipulator_moveit_config/package.bash'
[1.097s] INFO:colcon.colcon_core.shell:Creating package script '/home/user/ros2_ws/install/simple_manipulator_moveit_config/share/simple_manipulator_moveit_config/package.zsh'
[1.097s] Level 1:colcon.colcon_core.environment:create_file_with_runtime_dependencies(/home/user/ros2_ws/install/simple_manipulator_moveit_config/share/colcon-core/packages/simple_manipulator_moveit_config)
[1.212s] Level 1:colcon.colcon_core.environment:checking '/home/user/ros2_ws/install/motion_planner' for CMake module files
[1.213s] DEBUG:colcon.colcon_core.event_handler.log_command:Invoked command in '/home/user/ros2_ws/src/motion_planner' returned '0': DEBUGINFOD_URLS=https://debuginfod.ubuntu.com PYTHONPATH=/home/user/ros2_ws/build/motion_planner/prefix_override:/usr/lib/python3/dist-packages/colcon_core/task/python/colcon_distutils_commands:/home/user/ros2_ws/install/motion_planner/lib/python3.12/site-packages:${PYTHONPATH} /usr/bin/python3 -W ignore:setup.py install is deprecated -W ignore:easy_install command is deprecated setup.py egg_info --egg-base ../../build/motion_planner build --build-base /home/user/ros2_ws/build/motion_planner/build install --record /home/user/ros2_ws/build/motion_planner/install.log --single-version-externally-managed install_data
[1.213s] Level 1:colcon.colcon_core.environment:checking '/home/user/ros2_ws/install/motion_planner' for CMake config files
[1.213s] Level 1:colcon.colcon_core.environment:checking '/home/user/ros2_ws/install/motion_planner/lib'
[1.214s] Level 1:colcon.colcon_core.environment:checking '/home/user/ros2_ws/install/motion_planner/bin'
[1.214s] Level 1:colcon.colcon_core.environment:checking '/home/user/ros2_ws/install/motion_planner/lib/pkgconfig/motion_planner.pc'
[1.214s] Level 1:colcon.colcon_core.environment:checking '/home/user/ros2_ws/install/motion_planner/lib/python3.12/site-packages'
[1.214s] Level 1:colcon.colcon_core.shell:create_environment_hook('motion_planner', 'pythonpath')
[1.214s] INFO:colcon.colcon_core.shell:Creating environment hook '/home/user/ros2_ws/install/motion_planner/share/motion_planner/hook/pythonpath.ps1'
[1.215s] INFO:colcon.colcon_core.shell:Creating environment descriptor '/home/user/ros2_ws/install/motion_planner/share/motion_planner/hook/pythonpath.dsv'
[1.215s] INFO:colcon.colcon_core.shell:Creating environment hook '/home/user/ros2_ws/install/motion_planner/share/motion_planner/hook/pythonpath.sh'
[1.216s] Level 1:colcon.colcon_core.environment:checking '/home/user/ros2_ws/install/motion_planner/bin'
[1.216s] Level 1:colcon.colcon_core.environment:create_environment_scripts_only(motion_planner)
[1.216s] INFO:colcon.colcon_core.shell:Creating package script '/home/user/ros2_ws/install/motion_planner/share/motion_planner/package.ps1'
[1.217s] INFO:colcon.colcon_core.shell:Creating package descriptor '/home/user/ros2_ws/install/motion_planner/share/motion_planner/package.dsv'
[1.217s] INFO:colcon.colcon_core.shell:Creating package script '/home/user/ros2_ws/install/motion_planner/share/motion_planner/package.sh'
[1.218s] INFO:colcon.colcon_core.shell:Creating package script '/home/user/ros2_ws/install/motion_planner/share/motion_planner/package.bash'
[1.218s] INFO:colcon.colcon_core.shell:Creating package script '/home/user/ros2_ws/install/motion_planner/share/motion_planner/package.zsh'
[1.219s] Level 1:colcon.colcon_core.environment:create_file_with_runtime_dependencies(/home/user/ros2_ws/install/motion_planner/share/colcon-core/packages/motion_planner)
[1.219s] DEBUG:colcon.colcon_parallel_executor.executor.parallel:closing loop
[1.220s] DEBUG:colcon.colcon_parallel_executor.executor.parallel:loop closed
[1.220s] DEBUG:colcon.colcon_parallel_executor.executor.parallel:run_until_complete finished with '0'
[1.221s] DEBUG:colcon.colcon_core.event_reactor:joining thread
[1.226s] INFO:colcon.colcon_core.plugin_system:Skipping extension 'colcon_notification.desktop_notification.terminal_notifier': Not used on non-Darwin systems
[1.226s] INFO:colcon.colcon_core.plugin_system:Skipping extension 'colcon_notification.desktop_notification.win32': Not used on non-Windows systems
[1.226s] INFO:colcon.colcon_notification.desktop_notification:Sending desktop notification using 'notify2'
[1.243s] DEBUG:colcon.colcon_core.event_reactor:joined thread
[1.244s] INFO:colcon.colcon_core.shell:Creating prefix script '/home/user/ros2_ws/install/local_setup.ps1'
[1.244s] INFO:colcon.colcon_core.shell:Creating prefix util module '/home/user/ros2_ws/install/_local_setup_util_ps1.py'
[1.246s] INFO:colcon.colcon_core.shell:Creating prefix chain script '/home/user/ros2_ws/install/setup.ps1'
[1.248s] INFO:colcon.colcon_core.shell:Creating prefix script '/home/user/ros2_ws/install/local_setup.sh'
[1.249s] INFO:colcon.colcon_core.shell:Creating prefix util module '/home/user/ros2_ws/install/_local_setup_util_sh.py'
[1.250s] INFO:colcon.colcon_core.shell:Creating prefix chain script '/home/user/ros2_ws/install/setup.sh'
[1.251s] INFO:colcon.colcon_core.shell:Creating prefix script '/home/user/ros2_ws/install/local_setup.bash'
[1.252s] INFO:colcon.colcon_core.shell:Creating prefix chain script '/home/user/ros2_ws/install/setup.bash'
[1.254s] INFO:colcon.colcon_core.shell:Creating prefix script '/home/user/ros2_ws/install/local_setup.zsh'
[1.255s] INFO:colcon.colcon_core.shell:Creating prefix chain script '/home/user/ros2_ws/install/setup.zsh'
