[0.012s] Invoking command in '/home/user/ros2_ws/build/simple_manipulator_moveit_config': CMAKE_PREFIX_PATH=${CMAKE_PREFIX_PATH}:/home/user/ros2_ws/install/motion_planner:/opt/ros/jazzy DEBUGINFOD_URLS=https://debuginfod.ubuntu.com /usr/bin/cmake /home/user/ros2_ws/src/simple_manipulator_moveit_config -DCMAKE_INSTALL_PREFIX=/home/user/ros2_ws/install/simple_manipulator_moveit_config
[0.058s] -- The C compiler identification is GNU 13.3.0
[0.105s] -- The CXX compiler identification is GNU 13.3.0
[0.124s] -- Detecting C compiler ABI info
[0.197s] -- Detecting C compiler ABI info - done
[0.208s] -- Check for working C compiler: /usr/bin/cc - skipped
[0.208s] -- Detecting C compile features
[0.208s] -- Detecting C compile features - done
[0.223s] -- Detecting CXX compiler ABI info
[0.332s] -- Detecting CXX compiler ABI info - done
[0.333s] -- Check for working CXX compiler: /usr/bin/c++ - skipped
[0.333s] -- Detecting CXX compile features
[0.333s] -- Detecting CXX compile features - done
[0.333s] -- Found ament_cmake: 2.5.6 (/opt/ros/jazzy/share/ament_cmake/cmake)
[0.448s] -- Found Python3: /usr/bin/python3 (found version "3.12.3") found components: Interpreter 
[0.601s] -- Configuring done (0.6s)
[0.603s] -- Generating done (0.0s)
[0.605s] -- Build files have been written to: /home/user/ros2_ws/build/simple_manipulator_moveit_config
[0.609s] Invoked command in '/home/user/ros2_ws/build/simple_manipulator_moveit_config' returned '0': CMAKE_PREFIX_PATH=${CMAKE_PREFIX_PATH}:/home/user/ros2_ws/install/motion_planner:/opt/ros/jazzy DEBUGINFOD_URLS=https://debuginfod.ubuntu.com /usr/bin/cmake /home/user/ros2_ws/src/simple_manipulator_moveit_config -DCMAKE_INSTALL_PREFIX=/home/user/ros2_ws/install/simple_manipulator_moveit_config
[0.610s] Invoking command in '/home/user/ros2_ws/build/simple_manipulator_moveit_config': CMAKE_PREFIX_PATH=${CMAKE_PREFIX_PATH}:/home/user/ros2_ws/install/motion_planner:/opt/ros/jazzy DEBUGINFOD_URLS=https://debuginfod.ubuntu.com /usr/bin/cmake --build /home/user/ros2_ws/build/simple_manipulator_moveit_config -- -j4 -l4
[0.650s] Invoked command in '/home/user/ros2_ws/build/simple_manipulator_moveit_config' returned '0': CMAKE_PREFIX_PATH=${CMAKE_PREFIX_PATH}:/home/user/ros2_ws/install/motion_planner:/opt/ros/jazzy DEBUGINFOD_URLS=https://debuginfod.ubuntu.com /usr/bin/cmake --build /home/user/ros2_ws/build/simple_manipulator_moveit_config -- -j4 -l4
[0.651s] Invoking command in '/home/user/ros2_ws/build/simple_manipulator_moveit_config': CMAKE_PREFIX_PATH=${CMAKE_PREFIX_PATH}:/home/user/ros2_ws/install/motion_planner:/opt/ros/jazzy DEBUGINFOD_URLS=https://debuginfod.ubuntu.com /usr/bin/cmake --install /home/user/ros2_ws/build/simple_manipulator_moveit_config
[0.660s] -- Install configuration: ""
[0.660s] -- Installing: /home/user/ros2_ws/install/simple_manipulator_moveit_config/share/ament_index/resource_index/package_run_dependencies/simple_manipulator_moveit_config
[0.660s] -- Installing: /home/user/ros2_ws/install/simple_manipulator_moveit_config/share/ament_index/resource_index/parent_prefix_path/simple_manipulator_moveit_config
[0.660s] -- Installing: /home/user/ros2_ws/install/simple_manipulator_moveit_config/share/simple_manipulator_moveit_config/environment/ament_prefix_path.sh
[0.660s] -- Installing: /home/user/ros2_ws/install/simple_manipulator_moveit_config/share/simple_manipulator_moveit_config/environment/ament_prefix_path.dsv
[0.660s] -- Installing: /home/user/ros2_ws/install/simple_manipulator_moveit_config/share/simple_manipulator_moveit_config/environment/path.sh
[0.660s] -- Installing: /home/user/ros2_ws/install/simple_manipulator_moveit_config/share/simple_manipulator_moveit_config/environment/path.dsv
[0.660s] -- Installing: /home/user/ros2_ws/install/simple_manipulator_moveit_config/share/simple_manipulator_moveit_config/local_setup.bash
[0.660s] -- Installing: /home/user/ros2_ws/install/simple_manipulator_moveit_config/share/simple_manipulator_moveit_config/local_setup.sh
[0.660s] -- Installing: /home/user/ros2_ws/install/simple_manipulator_moveit_config/share/simple_manipulator_moveit_config/local_setup.zsh
[0.660s] -- Installing: /home/user/ros2_ws/install/simple_manipulator_moveit_config/share/simple_manipulator_moveit_config/local_setup.dsv
[0.660s] -- Installing: /home/user/ros2_ws/install/simple_manipulator_moveit_config/share/simple_manipulator_moveit_config/package.dsv
[0.660s] -- Installing: /home/user/ros2_ws/install/simple_manipulator_moveit_config/share/ament_index/resource_index/packages/simple_manipulator_moveit_config
[0.660s] -- Installing: /home/user/ros2_ws/install/simple_manipulator_moveit_config/share/simple_manipulator_moveit_config/cmake/simple_manipulator_moveit_configConfig.cmake
[0.660s] -- Installing: /home/user/ros2_ws/install/simple_manipulator_moveit_config/share/simple_manipulator_moveit_config/cmake/simple_manipulator_moveit_configConfig-version.cmake
[0.660s] -- Installing: /home/user/ros2_ws/install/simple_manipulator_moveit_config/share/simple_manipulator_moveit_config/package.xml
[0.661s] -- Installing: /home/user/ros2_ws/install/simple_manipulator_moveit_config/share/simple_manipulator_moveit_config/launch
[0.661s] -- Installing: /home/user/ros2_ws/install/simple_manipulator_moveit_config/share/simple_manipulator_moveit_config/launch/moveit_rviz.launch.py
[0.661s] -- Installing: /home/user/ros2_ws/install/simple_manipulator_moveit_config/share/simple_manipulator_moveit_config/launch/setup_assistant.launch.py
[0.662s] -- Installing: /home/user/ros2_ws/install/simple_manipulator_moveit_config/share/simple_manipulator_moveit_config/launch/demo.launch.py
[0.664s] -- Installing: /home/user/ros2_ws/install/simple_manipulator_moveit_config/share/simple_manipulator_moveit_config/launch/static_virtual_joint_tfs.launch.py
[0.665s] -- Installing: /home/user/ros2_ws/install/simple_manipulator_moveit_config/share/simple_manipulator_moveit_config/launch/warehouse_db.launch.py
[0.666s] -- Installing: /home/user/ros2_ws/install/simple_manipulator_moveit_config/share/simple_manipulator_moveit_config/launch/spawn_controllers.launch.py
[0.668s] -- Installing: /home/user/ros2_ws/install/simple_manipulator_moveit_config/share/simple_manipulator_moveit_config/launch/move_group.launch.py
[0.668s] -- Installing: /home/user/ros2_ws/install/simple_manipulator_moveit_config/share/simple_manipulator_moveit_config/launch/rsp.launch.py
[0.668s] -- Installing: /home/user/ros2_ws/install/simple_manipulator_moveit_config/share/simple_manipulator_moveit_config/config
[0.668s] -- Installing: /home/user/ros2_ws/install/simple_manipulator_moveit_config/share/simple_manipulator_moveit_config/config/final_robot.urdf
[0.668s] -- Installing: /home/user/ros2_ws/install/simple_manipulator_moveit_config/share/simple_manipulator_moveit_config/config/simple_manipulator.ros2_control.xacro
[0.668s] -- Installing: /home/user/ros2_ws/install/simple_manipulator_moveit_config/share/simple_manipulator_moveit_config/config/simple_manipulator.urdf.xacro
[0.669s] -- Installing: /home/user/ros2_ws/install/simple_manipulator_moveit_config/share/simple_manipulator_moveit_config/config/ros2_controllers.yaml
[0.669s] -- Installing: /home/user/ros2_ws/install/simple_manipulator_moveit_config/share/simple_manipulator_moveit_config/config/initial_positions.yaml
[0.669s] -- Installing: /home/user/ros2_ws/install/simple_manipulator_moveit_config/share/simple_manipulator_moveit_config/config/joint_limits.yaml
[0.671s] -- Installing: /home/user/ros2_ws/install/simple_manipulator_moveit_config/share/simple_manipulator_moveit_config/config/moveit_controllers.yaml
[0.672s] -- Installing: /home/user/ros2_ws/install/simple_manipulator_moveit_config/share/simple_manipulator_moveit_config/config/moveit.rviz
[0.672s] -- Installing: /home/user/ros2_ws/install/simple_manipulator_moveit_config/share/simple_manipulator_moveit_config/config/simple_manipulator.srdf
[0.672s] -- Installing: /home/user/ros2_ws/install/simple_manipulator_moveit_config/share/simple_manipulator_moveit_config/config/kinematics.yaml
[0.672s] -- Installing: /home/user/ros2_ws/install/simple_manipulator_moveit_config/share/simple_manipulator_moveit_config/config/pilz_cartesian_limits.yaml
[0.673s] -- Installing: /home/user/ros2_ws/install/simple_manipulator_moveit_config/share/simple_manipulator_moveit_config/.setup_assistant
[0.673s] Invoked command in '/home/user/ros2_ws/build/simple_manipulator_moveit_config' returned '0': CMAKE_PREFIX_PATH=${CMAKE_PREFIX_PATH}:/home/user/ros2_ws/install/motion_planner:/opt/ros/jazzy DEBUGINFOD_URLS=https://debuginfod.ubuntu.com /usr/bin/cmake --install /home/user/ros2_ws/build/simple_manipulator_moveit_config
