[0.013s] Invoking command in '/home/user/ros2_ws/build/simple_manipulator_moveit_config': CMAKE_PREFIX_PATH=/home/user/ros2_ws/install/test:/home/user/ros2_ws/install/simple_manipulator_gazebo:/home/user/ros2_ws/install/simple_manipulator_moveit_config:/opt/ros/jazzy/opt/gz_sim_vendor:/opt/ros/jazzy/opt/gz_sensors_vendor:/opt/ros/jazzy/opt/gz_physics_vendor:/opt/ros/jazzy/opt/sdformat_vendor:/opt/ros/jazzy/opt/gz_gui_vendor:/opt/ros/jazzy/opt/gz_transport_vendor:/opt/ros/jazzy/opt/gz_rendering_vendor:/opt/ros/jazzy/opt/gz_plugin_vendor:/opt/ros/jazzy/opt/gz_fuel_tools_vendor:/opt/ros/jazzy/opt/gz_msgs_vendor:/opt/ros/jazzy/opt/gz_common_vendor:/opt/ros/jazzy/opt/gz_math_vendor:/opt/ros/jazzy/opt/gz_utils_vendor:/opt/ros/jazzy/opt/gz_tools_vendor:/opt/ros/jazzy/opt/gz_ogre_next_vendor:/opt/ros/jazzy/opt/gz_dartsim_vendor:/opt/ros/jazzy/opt/gz_cmake_vendor:/home/user/ros2_ws/install/motion_planner:/opt/ros/jazzy DEBUGINFOD_URLS=https://debuginfod.ubuntu.com /usr/bin/cmake --build /home/user/ros2_ws/build/simple_manipulator_moveit_config -- -j4 -l4
[0.063s] Invoked command in '/home/user/ros2_ws/build/simple_manipulator_moveit_config' returned '0': CMAKE_PREFIX_PATH=/home/user/ros2_ws/install/test:/home/user/ros2_ws/install/simple_manipulator_gazebo:/home/user/ros2_ws/install/simple_manipulator_moveit_config:/opt/ros/jazzy/opt/gz_sim_vendor:/opt/ros/jazzy/opt/gz_sensors_vendor:/opt/ros/jazzy/opt/gz_physics_vendor:/opt/ros/jazzy/opt/sdformat_vendor:/opt/ros/jazzy/opt/gz_gui_vendor:/opt/ros/jazzy/opt/gz_transport_vendor:/opt/ros/jazzy/opt/gz_rendering_vendor:/opt/ros/jazzy/opt/gz_plugin_vendor:/opt/ros/jazzy/opt/gz_fuel_tools_vendor:/opt/ros/jazzy/opt/gz_msgs_vendor:/opt/ros/jazzy/opt/gz_common_vendor:/opt/ros/jazzy/opt/gz_math_vendor:/opt/ros/jazzy/opt/gz_utils_vendor:/opt/ros/jazzy/opt/gz_tools_vendor:/opt/ros/jazzy/opt/gz_ogre_next_vendor:/opt/ros/jazzy/opt/gz_dartsim_vendor:/opt/ros/jazzy/opt/gz_cmake_vendor:/home/user/ros2_ws/install/motion_planner:/opt/ros/jazzy DEBUGINFOD_URLS=https://debuginfod.ubuntu.com /usr/bin/cmake --build /home/user/ros2_ws/build/simple_manipulator_moveit_config -- -j4 -l4
[0.064s] Invoking command in '/home/user/ros2_ws/build/simple_manipulator_moveit_config': CMAKE_PREFIX_PATH=/home/user/ros2_ws/install/test:/home/user/ros2_ws/install/simple_manipulator_gazebo:/home/user/ros2_ws/install/simple_manipulator_moveit_config:/opt/ros/jazzy/opt/gz_sim_vendor:/opt/ros/jazzy/opt/gz_sensors_vendor:/opt/ros/jazzy/opt/gz_physics_vendor:/opt/ros/jazzy/opt/sdformat_vendor:/opt/ros/jazzy/opt/gz_gui_vendor:/opt/ros/jazzy/opt/gz_transport_vendor:/opt/ros/jazzy/opt/gz_rendering_vendor:/opt/ros/jazzy/opt/gz_plugin_vendor:/opt/ros/jazzy/opt/gz_fuel_tools_vendor:/opt/ros/jazzy/opt/gz_msgs_vendor:/opt/ros/jazzy/opt/gz_common_vendor:/opt/ros/jazzy/opt/gz_math_vendor:/opt/ros/jazzy/opt/gz_utils_vendor:/opt/ros/jazzy/opt/gz_tools_vendor:/opt/ros/jazzy/opt/gz_ogre_next_vendor:/opt/ros/jazzy/opt/gz_dartsim_vendor:/opt/ros/jazzy/opt/gz_cmake_vendor:/home/user/ros2_ws/install/motion_planner:/opt/ros/jazzy DEBUGINFOD_URLS=https://debuginfod.ubuntu.com /usr/bin/cmake --install /home/user/ros2_ws/build/simple_manipulator_moveit_config
[0.070s] -- Install configuration: ""
[0.070s] -- Up-to-date: /home/user/ros2_ws/install/simple_manipulator_moveit_config/share/ament_index/resource_index/package_run_dependencies/simple_manipulator_moveit_config
[0.070s] -- Up-to-date: /home/user/ros2_ws/install/simple_manipulator_moveit_config/share/ament_index/resource_index/parent_prefix_path/simple_manipulator_moveit_config
[0.071s] -- Up-to-date: /home/user/ros2_ws/install/simple_manipulator_moveit_config/share/simple_manipulator_moveit_config/environment/ament_prefix_path.sh
[0.071s] -- Up-to-date: /home/user/ros2_ws/install/simple_manipulator_moveit_config/share/simple_manipulator_moveit_config/environment/ament_prefix_path.dsv
[0.071s] -- Up-to-date: /home/user/ros2_ws/install/simple_manipulator_moveit_config/share/simple_manipulator_moveit_config/environment/path.sh
[0.071s] -- Up-to-date: /home/user/ros2_ws/install/simple_manipulator_moveit_config/share/simple_manipulator_moveit_config/environment/path.dsv
[0.072s] -- Up-to-date: /home/user/ros2_ws/install/simple_manipulator_moveit_config/share/simple_manipulator_moveit_config/local_setup.bash
[0.072s] -- Up-to-date: /home/user/ros2_ws/install/simple_manipulator_moveit_config/share/simple_manipulator_moveit_config/local_setup.sh
[0.072s] -- Up-to-date: /home/user/ros2_ws/install/simple_manipulator_moveit_config/share/simple_manipulator_moveit_config/local_setup.zsh
[0.072s] -- Up-to-date: /home/user/ros2_ws/install/simple_manipulator_moveit_config/share/simple_manipulator_moveit_config/local_setup.dsv
[0.072s] -- Installing: /home/user/ros2_ws/install/simple_manipulator_moveit_config/share/simple_manipulator_moveit_config/package.dsv
[0.073s] -- Up-to-date: /home/user/ros2_ws/install/simple_manipulator_moveit_config/share/ament_index/resource_index/packages/simple_manipulator_moveit_config
[0.075s] -- Up-to-date: /home/user/ros2_ws/install/simple_manipulator_moveit_config/share/simple_manipulator_moveit_config/cmake/simple_manipulator_moveit_configConfig.cmake
[0.075s] -- Up-to-date: /home/user/ros2_ws/install/simple_manipulator_moveit_config/share/simple_manipulator_moveit_config/cmake/simple_manipulator_moveit_configConfig-version.cmake
[0.075s] -- Up-to-date: /home/user/ros2_ws/install/simple_manipulator_moveit_config/share/simple_manipulator_moveit_config/package.xml
[0.075s] -- Up-to-date: /home/user/ros2_ws/install/simple_manipulator_moveit_config/share/simple_manipulator_moveit_config/launch
[0.075s] -- Up-to-date: /home/user/ros2_ws/install/simple_manipulator_moveit_config/share/simple_manipulator_moveit_config/launch/moveit_rviz.launch.py
[0.076s] -- Up-to-date: /home/user/ros2_ws/install/simple_manipulator_moveit_config/share/simple_manipulator_moveit_config/launch/setup_assistant.launch.py
[0.076s] -- Up-to-date: /home/user/ros2_ws/install/simple_manipulator_moveit_config/share/simple_manipulator_moveit_config/launch/demo.launch.py
[0.076s] -- Up-to-date: /home/user/ros2_ws/install/simple_manipulator_moveit_config/share/simple_manipulator_moveit_config/launch/static_virtual_joint_tfs.launch.py
[0.077s] -- Up-to-date: /home/user/ros2_ws/install/simple_manipulator_moveit_config/share/simple_manipulator_moveit_config/launch/warehouse_db.launch.py
[0.077s] -- Up-to-date: /home/user/ros2_ws/install/simple_manipulator_moveit_config/share/simple_manipulator_moveit_config/launch/spawn_controllers.launch.py
[0.077s] -- Up-to-date: /home/user/ros2_ws/install/simple_manipulator_moveit_config/share/simple_manipulator_moveit_config/launch/move_group.launch.py
[0.077s] -- Up-to-date: /home/user/ros2_ws/install/simple_manipulator_moveit_config/share/simple_manipulator_moveit_config/launch/rsp.launch.py
[0.078s] -- Up-to-date: /home/user/ros2_ws/install/simple_manipulator_moveit_config/share/simple_manipulator_moveit_config/config
[0.078s] -- Up-to-date: /home/user/ros2_ws/install/simple_manipulator_moveit_config/share/simple_manipulator_moveit_config/config/final_robot.urdf
[0.078s] -- Up-to-date: /home/user/ros2_ws/install/simple_manipulator_moveit_config/share/simple_manipulator_moveit_config/config/simple_manipulator.ros2_control.xacro
[0.078s] -- Up-to-date: /home/user/ros2_ws/install/simple_manipulator_moveit_config/share/simple_manipulator_moveit_config/config/simple_manipulator.urdf.xacro
[0.078s] -- Up-to-date: /home/user/ros2_ws/install/simple_manipulator_moveit_config/share/simple_manipulator_moveit_config/config/ros2_controllers.yaml
[0.079s] -- Up-to-date: /home/user/ros2_ws/install/simple_manipulator_moveit_config/share/simple_manipulator_moveit_config/config/initial_positions.yaml
[0.080s] -- Up-to-date: /home/user/ros2_ws/install/simple_manipulator_moveit_config/share/simple_manipulator_moveit_config/config/joint_limits.yaml
[0.080s] -- Up-to-date: /home/user/ros2_ws/install/simple_manipulator_moveit_config/share/simple_manipulator_moveit_config/config/moveit_controllers.yaml
[0.080s] -- Up-to-date: /home/user/ros2_ws/install/simple_manipulator_moveit_config/share/simple_manipulator_moveit_config/config/moveit.rviz
[0.080s] -- Up-to-date: /home/user/ros2_ws/install/simple_manipulator_moveit_config/share/simple_manipulator_moveit_config/config/simple_manipulator.srdf
[0.080s] -- Up-to-date: /home/user/ros2_ws/install/simple_manipulator_moveit_config/share/simple_manipulator_moveit_config/config/kinematics.yaml
[0.080s] -- Up-to-date: /home/user/ros2_ws/install/simple_manipulator_moveit_config/share/simple_manipulator_moveit_config/config/pilz_cartesian_limits.yaml
[0.081s] -- Up-to-date: /home/user/ros2_ws/install/simple_manipulator_moveit_config/share/simple_manipulator_moveit_config/.setup_assistant
[0.081s] Invoked command in '/home/user/ros2_ws/build/simple_manipulator_moveit_config' returned '0': CMAKE_PREFIX_PATH=/home/user/ros2_ws/install/test:/home/user/ros2_ws/install/simple_manipulator_gazebo:/home/user/ros2_ws/install/simple_manipulator_moveit_config:/opt/ros/jazzy/opt/gz_sim_vendor:/opt/ros/jazzy/opt/gz_sensors_vendor:/opt/ros/jazzy/opt/gz_physics_vendor:/opt/ros/jazzy/opt/sdformat_vendor:/opt/ros/jazzy/opt/gz_gui_vendor:/opt/ros/jazzy/opt/gz_transport_vendor:/opt/ros/jazzy/opt/gz_rendering_vendor:/opt/ros/jazzy/opt/gz_plugin_vendor:/opt/ros/jazzy/opt/gz_fuel_tools_vendor:/opt/ros/jazzy/opt/gz_msgs_vendor:/opt/ros/jazzy/opt/gz_common_vendor:/opt/ros/jazzy/opt/gz_math_vendor:/opt/ros/jazzy/opt/gz_utils_vendor:/opt/ros/jazzy/opt/gz_tools_vendor:/opt/ros/jazzy/opt/gz_ogre_next_vendor:/opt/ros/jazzy/opt/gz_dartsim_vendor:/opt/ros/jazzy/opt/gz_cmake_vendor:/home/user/ros2_ws/install/motion_planner:/opt/ros/jazzy DEBUGINFOD_URLS=https://debuginfod.ubuntu.com /usr/bin/cmake --install /home/user/ros2_ws/build/simple_manipulator_moveit_config
