[1.122s] Invoking command in '/home/user/ros2_ws/src/motion_planner': DEBUGINFOD_URLS=https://debuginfod.ubuntu.com PYTHONPATH=/home/user/ros2_ws/build/motion_planner/prefix_override:/usr/lib/python3/dist-packages/colcon_core/task/python/colcon_distutils_commands:/home/user/ros2_ws/install/motion_planner/lib/python3.12/site-packages:${PYTHONPATH} /usr/bin/python3 -W ignore:setup.py install is deprecated -W ignore:easy_install command is deprecated setup.py egg_info --egg-base ../../build/motion_planner build --build-base /home/user/ros2_ws/build/motion_planner/build install --record /home/user/ros2_ws/build/motion_planner/install.log --single-version-externally-managed install_data
[1.313s] running egg_info
[1.316s] creating ../../build/motion_planner/motion_planner.egg-info
[1.337s] writing ../../build/motion_planner/motion_planner.egg-info/PKG-INFO
[1.338s] writing dependency_links to ../../build/motion_planner/motion_planner.egg-info/dependency_links.txt
[1.338s] writing entry points to ../../build/motion_planner/motion_planner.egg-info/entry_points.txt
[1.339s] writing requirements to ../../build/motion_planner/motion_planner.egg-info/requires.txt
[1.339s] writing top-level names to ../../build/motion_planner/motion_planner.egg-info/top_level.txt
[1.339s] writing manifest file '../../build/motion_planner/motion_planner.egg-info/SOURCES.txt'
[1.365s] reading manifest file '../../build/motion_planner/motion_planner.egg-info/SOURCES.txt'
[1.365s] adding license file 'LICENSE'
[1.365s] writing manifest file '../../build/motion_planner/motion_planner.egg-info/SOURCES.txt'
[1.365s] running build
[1.365s] running build_py
[1.365s] creating /home/user/ros2_ws/build/motion_planner/build
[1.365s] creating /home/user/ros2_ws/build/motion_planner/build/lib
[1.365s] creating /home/user/ros2_ws/build/motion_planner/build/lib/motion_planner
[1.366s] copying motion_planner/__init__.py -> /home/user/ros2_ws/build/motion_planner/build/lib/motion_planner
[1.366s] copying motion_planner/trajectory_generator.py -> /home/user/ros2_ws/build/motion_planner/build/lib/motion_planner
[1.366s] running install
[1.369s] running install_lib
[1.383s] creating /home/user/ros2_ws/install/motion_planner/lib/python3.12/site-packages/motion_planner
[1.383s] copying /home/user/ros2_ws/build/motion_planner/build/lib/motion_planner/__init__.py -> /home/user/ros2_ws/install/motion_planner/lib/python3.12/site-packages/motion_planner
[1.383s] copying /home/user/ros2_ws/build/motion_planner/build/lib/motion_planner/trajectory_generator.py -> /home/user/ros2_ws/install/motion_planner/lib/python3.12/site-packages/motion_planner
[1.384s] byte-compiling /home/user/ros2_ws/install/motion_planner/lib/python3.12/site-packages/motion_planner/__init__.py to __init__.cpython-312.pyc
[1.384s] byte-compiling /home/user/ros2_ws/install/motion_planner/lib/python3.12/site-packages/motion_planner/trajectory_generator.py to trajectory_generator.cpython-312.pyc
[1.385s] running install_data
[1.385s] creating /home/user/ros2_ws/install/motion_planner/share/ament_index
[1.385s] creating /home/user/ros2_ws/install/motion_planner/share/ament_index/resource_index
[1.385s] creating /home/user/ros2_ws/install/motion_planner/share/ament_index/resource_index/packages
[1.385s] copying resource/motion_planner -> /home/user/ros2_ws/install/motion_planner/share/ament_index/resource_index/packages
[1.385s] copying package.xml -> /home/user/ros2_ws/install/motion_planner/share/motion_planner
[1.385s] running install_egg_info
[1.399s] Copying ../../build/motion_planner/motion_planner.egg-info to /home/user/ros2_ws/install/motion_planner/lib/python3.12/site-packages/motion_planner-0.0.0-py3.12.egg-info
[1.400s] running install_scripts
[1.493s] Installing trajectory_generator script to /home/user/ros2_ws/install/motion_planner/lib/motion_planner
[1.493s] writing list of installed files to '/home/user/ros2_ws/build/motion_planner/install.log'
[1.512s] Invoked command in '/home/user/ros2_ws/src/motion_planner' returned '0': DEBUGINFOD_URLS=https://debuginfod.ubuntu.com PYTHONPATH=/home/user/ros2_ws/build/motion_planner/prefix_override:/usr/lib/python3/dist-packages/colcon_core/task/python/colcon_distutils_commands:/home/user/ros2_ws/install/motion_planner/lib/python3.12/site-packages:${PYTHONPATH} /usr/bin/python3 -W ignore:setup.py install is deprecated -W ignore:easy_install command is deprecated setup.py egg_info --egg-base ../../build/motion_planner build --build-base /home/user/ros2_ws/build/motion_planner/build install --record /home/user/ros2_ws/build/motion_planner/install.log --single-version-externally-managed install_data
